<?xml version="1.0" encoding="UTF-8" ?>
<testsuite failures="0" time="0.359" errors="0" skipped="0" tests="11" name="org.jsoup.integration.ParseTest">
  <properties>
[...]
</properties>
  <testcase time="0.096" classname="org.jsoup.integration.ParseTest" name="testSmhBizArticle"/>
  <testcase time="0.117" classname="org.jsoup.integration.ParseTest" name="testNewsHomepage"/>
  <testcase time="0.021" classname="org.jsoup.integration.ParseTest" name="testGoogleSearchIpod"/>
  <testcase time="0.003" classname="org.jsoup.integration.ParseTest" name="testBinary"/>
  <testcase time="0.028" classname="org.jsoup.integration.ParseTest" name="testYahooJp"/>
  <testcase time="0.008" classname="org.jsoup.integration.ParseTest" name="testBaidu"/>
  <testcase time="0.002" classname="org.jsoup.integration.ParseTest" name="testBaiduVariant"/>
  <testcase time="0.002" classname="org.jsoup.integration.ParseTest" name="testHtml5Charset"/>
  <testcase time="0.001" classname="org.jsoup.integration.ParseTest" name="testBrokenHtml5CharsetWithASingleDoubleQuote"/>
  <testcase time="0.053" classname="org.jsoup.integration.ParseTest" name="testNytArticle"/>
  <testcase time="0.028" classname="org.jsoup.integration.ParseTest" name="testYahooArticle"/>
</testsuite>