<?xml version="1.0" encoding="UTF-8" ?>
<testsuite failures="0" time="0.024" errors="0" skipped="0" tests="93" name="org.jsoup.parser.HtmlParserTest">
  <properties>
[...]
</properties>
  <testcase time="0" classname="org.jsoup.parser.HtmlParserTest" name="parsesSimpleDocument"/>
  <testcase time="0.001" classname="org.jsoup.parser.HtmlParserTest" name="parsesRoughAttributes"/>
  <testcase time="0.002" classname="org.jsoup.parser.HtmlParserTest" name="parsesQuiteRoughAttributes"/>
  <testcase time="0.001" classname="org.jsoup.parser.HtmlParserTest" name="parsesComments"/>
  <testcase time="0" classname="org.jsoup.parser.HtmlParserTest" name="parsesUnterminatedComments"/>
  <testcase time="0" classname="org.jsoup.parser.HtmlParserTest" name="dropsUnterminatedTag"/>
  <testcase time="0.001" classname="org.jsoup.parser.HtmlParserTest" name="dropsUnterminatedAttribute"/>
  <testcase time="0" classname="org.jsoup.parser.HtmlParserTest" name="parsesUnterminatedTextarea"/>
  <testcase time="0" classname="org.jsoup.parser.HtmlParserTest" name="parsesUnterminatedOption"/>
  <testcase time="0" classname="org.jsoup.parser.HtmlParserTest" name="testSpaceAfterTag"/>
  <testcase time="0" classname="org.jsoup.parser.HtmlParserTest" name="createsDocumentStructure"/>
  <testcase time="0" classname="org.jsoup.parser.HtmlParserTest" name="createsStructureFromBodySnippet"/>
  <testcase time="0.001" classname="org.jsoup.parser.HtmlParserTest" name="handlesEscapedData"/>
  <testcase time="0" classname="org.jsoup.parser.HtmlParserTest" name="handlesDataOnlyTags"/>
  <testcase time="0" classname="org.jsoup.parser.HtmlParserTest" name="handlesTextAfterData"/>
  <testcase time="0.001" classname="org.jsoup.parser.HtmlParserTest" name="handlesTextArea"/>
  <testcase time="0" classname="org.jsoup.parser.HtmlParserTest" name="preservesSpaceInTextArea"/>
  <testcase time="0" classname="org.jsoup.parser.HtmlParserTest" name="preservesSpaceInScript"/>
  <testcase time="0" classname="org.jsoup.parser.HtmlParserTest" name="doesNotCreateImplicitLists"/>
  <testcase time="0" classname="org.jsoup.parser.HtmlParserTest" name="discardsNakedTds"/>
  <testcase time="0.001" classname="org.jsoup.parser.HtmlParserTest" name="handlesNestedImplicitTable"/>
  <testcase time="0.001" classname="org.jsoup.parser.HtmlParserTest" name="handlesWhatWgExpensesTableExample"/>
  <testcase time="0" classname="org.jsoup.parser.HtmlParserTest" name="handlesTbodyTable"/>
  <testcase time="0" classname="org.jsoup.parser.HtmlParserTest" name="handlesImplicitCaptionClose"/>
  <testcase time="0.001" classname="org.jsoup.parser.HtmlParserTest" name="noTableDirectInTable"/>
  <testcase time="0" classname="org.jsoup.parser.HtmlParserTest" name="ignoresDupeEndTrTag"/>
  <testcase time="0" classname="org.jsoup.parser.HtmlParserTest" name="handlesBaseTags"/>
  <testcase time="0" classname="org.jsoup.parser.HtmlParserTest" name="handlesProtocolRelativeUrl"/>
  <testcase time="0.001" classname="org.jsoup.parser.HtmlParserTest" name="handlesCdata"/>
  <testcase time="0" classname="org.jsoup.parser.HtmlParserTest" name="handlesUnclosedCdataAtEOF"/>
  <testcase time="0" classname="org.jsoup.parser.HtmlParserTest" name="handlesInvalidStartTags"/>
  <testcase time="0" classname="org.jsoup.parser.HtmlParserTest" name="handlesUnknownTags"/>
  <testcase time="0" classname="org.jsoup.parser.HtmlParserTest" name="handlesUnknownInlineTags"/>
  <testcase time="0" classname="org.jsoup.parser.HtmlParserTest" name="parsesBodyFragment"/>
  <testcase time="0" classname="org.jsoup.parser.HtmlParserTest" name="handlesUnknownNamespaceTags"/>
  <testcase time="0.001" classname="org.jsoup.parser.HtmlParserTest" name="handlesKnownEmptyBlocks"/>
  <testcase time="0" classname="org.jsoup.parser.HtmlParserTest" name="handlesSolidusAtAttributeEnd"/>
  <testcase time="0" classname="org.jsoup.parser.HtmlParserTest" name="handlesMultiClosingBody"/>
  <testcase time="0" classname="org.jsoup.parser.HtmlParserTest" name="handlesUnclosedDefinitionLists"/>
  <testcase time="0.001" classname="org.jsoup.parser.HtmlParserTest" name="handlesBlocksInDefinitions"/>
  <testcase time="0" classname="org.jsoup.parser.HtmlParserTest" name="handlesFrames"/>
  <testcase time="0" classname="org.jsoup.parser.HtmlParserTest" name="ignoresContentAfterFrameset"/>
  <testcase time="0.001" classname="org.jsoup.parser.HtmlParserTest" name="handlesJavadocFont"/>
  <testcase time="0" classname="org.jsoup.parser.HtmlParserTest" name="handlesBaseWithoutHref"/>
  <testcase time="0" classname="org.jsoup.parser.HtmlParserTest" name="normalisesDocument"/>
  <testcase time="0" classname="org.jsoup.parser.HtmlParserTest" name="normalisesEmptyDocument"/>
  <testcase time="0" classname="org.jsoup.parser.HtmlParserTest" name="normalisesHeadlessBody"/>
  <testcase time="0" classname="org.jsoup.parser.HtmlParserTest" name="normalisedBodyAfterContent"/>
  <testcase time="0" classname="org.jsoup.parser.HtmlParserTest" name="findsCharsetInMalformedMeta"/>
  <testcase time="0" classname="org.jsoup.parser.HtmlParserTest" name="testHgroup"/>
  <testcase time="0" classname="org.jsoup.parser.HtmlParserTest" name="testRelaxedTags"/>
  <testcase time="0" classname="org.jsoup.parser.HtmlParserTest" name="testHeaderContents"/>
  <testcase time="0" classname="org.jsoup.parser.HtmlParserTest" name="testSpanContents"/>
  <testcase time="0" classname="org.jsoup.parser.HtmlParserTest" name="testNoImagesInNoScriptInHead"/>
  <testcase time="0.001" classname="org.jsoup.parser.HtmlParserTest" name="testAFlowContents"/>
  <testcase time="0" classname="org.jsoup.parser.HtmlParserTest" name="testFontFlowContents"/>
  <testcase time="0" classname="org.jsoup.parser.HtmlParserTest" name="handlesMisnestedTagsBI"/>
  <testcase time="0" classname="org.jsoup.parser.HtmlParserTest" name="handlesMisnestedTagsBP"/>
  <testcase time="0.001" classname="org.jsoup.parser.HtmlParserTest" name="handlesUnexpectedMarkupInTables"/>
  <testcase time="0" classname="org.jsoup.parser.HtmlParserTest" name="handlesUnclosedFormattingElements"/>
  <testcase time="0" classname="org.jsoup.parser.HtmlParserTest" name="handlesUnclosedAnchors"/>
  <testcase time="0.001" classname="org.jsoup.parser.HtmlParserTest" name="reconstructFormattingElements"/>
  <testcase time="0" classname="org.jsoup.parser.HtmlParserTest" name="reconstructFormattingElementsInTable"/>
  <testcase time="0" classname="org.jsoup.parser.HtmlParserTest" name="commentBeforeHtml"/>
  <testcase time="0.001" classname="org.jsoup.parser.HtmlParserTest" name="emptyTdTag"/>
  <testcase time="0" classname="org.jsoup.parser.HtmlParserTest" name="handlesSolidusInA"/>
  <testcase time="0" classname="org.jsoup.parser.HtmlParserTest" name="handlesSpanInTbody"/>
  <testcase time="0.001" classname="org.jsoup.parser.HtmlParserTest" name="handlesUnclosedTitleAtEof"/>
  <testcase time="0" classname="org.jsoup.parser.HtmlParserTest" name="handlesUnclosedTitle"/>
  <testcase time="0.001" classname="org.jsoup.parser.HtmlParserTest" name="handlesUnclosedScriptAtEof"/>
  <testcase time="0.001" classname="org.jsoup.parser.HtmlParserTest" name="handlesUnclosedRawtextAtEof"/>
  <testcase time="0" classname="org.jsoup.parser.HtmlParserTest" name="noImplicitFormForTextAreas"/>
  <testcase time="0" classname="org.jsoup.parser.HtmlParserTest" name="handlesEscapedScript"/>
  <testcase time="0" classname="org.jsoup.parser.HtmlParserTest" name="handles0CharacterAsText"/>
  <testcase time="0" classname="org.jsoup.parser.HtmlParserTest" name="handlesNullInData"/>
  <testcase time="0" classname="org.jsoup.parser.HtmlParserTest" name="handlesNullInComments"/>
  <testcase time="0" classname="org.jsoup.parser.HtmlParserTest" name="handlesNewlinesAndWhitespaceInTag"/>
  <testcase time="0" classname="org.jsoup.parser.HtmlParserTest" name="handlesWhitespaceInoDocType"/>
  <testcase time="0.001" classname="org.jsoup.parser.HtmlParserTest" name="tracksErrorsWhenRequested"/>
  <testcase time="0.001" classname="org.jsoup.parser.HtmlParserTest" name="tracksLimitedErrorsWhenRequested"/>
  <testcase time="0" classname="org.jsoup.parser.HtmlParserTest" name="noErrorsByDefault"/>
  <testcase time="0" classname="org.jsoup.parser.HtmlParserTest" name="handlesCommentsInTable"/>
  <testcase time="0" classname="org.jsoup.parser.HtmlParserTest" name="handlesQuotesInCommentsInScripts"/>
  <testcase time="0" classname="org.jsoup.parser.HtmlParserTest" name="handleNullContextInParseFragment"/>
  <testcase time="0" classname="org.jsoup.parser.HtmlParserTest" name="doesNotFindShortestMatchingEntity"/>
  <testcase time="0" classname="org.jsoup.parser.HtmlParserTest" name="relaxedBaseEntityMatchAndStrictExtendedMatch"/>
  <testcase time="0" classname="org.jsoup.parser.HtmlParserTest" name="handlesXmlDeclarationAsBogusComment"/>
  <testcase time="0.001" classname="org.jsoup.parser.HtmlParserTest" name="handlesTagsInTextarea"/>
  <testcase time="0" classname="org.jsoup.parser.HtmlParserTest" name="createsFormElements"/>
  <testcase time="0" classname="org.jsoup.parser.HtmlParserTest" name="associatedFormControlsWithDisjointForms"/>
  <testcase time="0" classname="org.jsoup.parser.HtmlParserTest" name="handlesInputInTable"/>
  <testcase time="0" classname="org.jsoup.parser.HtmlParserTest" name="convertsImageToImg"/>
  <testcase time="0" classname="org.jsoup.parser.HtmlParserTest" name="handlesInvalidDoctypes"/>
</testsuite>