<?xml version="1.0" encoding="UTF-8" ?>
<testsuite failures="0" time="0.011" errors="0" skipped="0" tests="29" name="org.jsoup.select.ElementsTest">
  <properties>
[...]
</properties>
  <testcase time="0.001" classname="org.jsoup.select.ElementsTest" name="remove"/>
  <testcase time="0" classname="org.jsoup.select.ElementsTest" name="classes"/>
  <testcase time="0.001" classname="org.jsoup.select.ElementsTest" name="wrap"/>
  <testcase time="0" classname="org.jsoup.select.ElementsTest" name="unwrap"/>
  <testcase time="0" classname="org.jsoup.select.ElementsTest" name="empty"/>
  <testcase time="0" classname="org.jsoup.select.ElementsTest" name="eq"/>
  <testcase time="0" classname="org.jsoup.select.ElementsTest" name="filter"/>
  <testcase time="0" classname="org.jsoup.select.ElementsTest" name="val"/>
  <testcase time="0.001" classname="org.jsoup.select.ElementsTest" name="after"/>
  <testcase time="0" classname="org.jsoup.select.ElementsTest" name="before"/>
  <testcase time="0" classname="org.jsoup.select.ElementsTest" name="attr"/>
  <testcase time="0.001" classname="org.jsoup.select.ElementsTest" name="is"/>
  <testcase time="0" classname="org.jsoup.select.ElementsTest" name="html"/>
  <testcase time="0" classname="org.jsoup.select.ElementsTest" name="text"/>
  <testcase time="0" classname="org.jsoup.select.ElementsTest" name="outerHtml"/>
  <testcase time="0.001" classname="org.jsoup.select.ElementsTest" name="forms"/>
  <testcase time="0" classname="org.jsoup.select.ElementsTest" name="attributes"/>
  <testcase time="0.001" classname="org.jsoup.select.ElementsTest" name="parents"/>
  <testcase time="0" classname="org.jsoup.select.ElementsTest" name="traverse"/>
  <testcase time="0.001" classname="org.jsoup.select.ElementsTest" name="hasText"/>
  <testcase time="0" classname="org.jsoup.select.ElementsTest" name="hasAttr"/>
  <testcase time="0.001" classname="org.jsoup.select.ElementsTest" name="not"/>
  <testcase time="0.001" classname="org.jsoup.select.ElementsTest" name="hasAbsAttr"/>
  <testcase time="0" classname="org.jsoup.select.ElementsTest" name="absAttr"/>
  <testcase time="0.001" classname="org.jsoup.select.ElementsTest" name="setHtml"/>
  <testcase time="0" classname="org.jsoup.select.ElementsTest" name="wrapDiv"/>
  <testcase time="0" classname="org.jsoup.select.ElementsTest" name="unwrapP"/>
  <testcase time="0.001" classname="org.jsoup.select.ElementsTest" name="tagNameSet"/>
  <testcase time="0" classname="org.jsoup.select.ElementsTest" name="classWithHyphen"/>
</testsuite>