<?xml version="1.0"?>
<!DOCTYPE coverage SYSTEM "http://cobertura.sourceforge.net/xml/coverage-04.dtd">

<coverage line-rate="0.4635010630758327" branch-rate="0.26802884615384615" lines-covered="1308" lines-valid="2822" branches-covered="223" branches-valid="832" complexity="1.8361823361823362" version="1.9.4.1" timestamp="1416481886433">
	<sources>
		<source>/Users/leomarchand/Documents/CPSC410/cs410/codebase/jenkins/test/target/generated-sources/localizer</source>
		<source>--source</source>
		<source>/Users/leomarchand/Documents/CPSC410/cs410/codebase/jenkins/test/src/main/groovy</source>
		<source>/Users/leomarchand/Documents/CPSC410/cs410/codebase/jenkins/test/src/main/java</source>
		<source>/Users/leomarchand/Documents/CPSC410/cs410/codebase/jenkins/test/target/generated-sources/groovy-stubs/main</source>
	</sources>
	<packages>
		<package name="hudson.cli" line-rate="0.7654320987654321" branch-rate="0.5" complexity="1.4814814814814814">
			<classes>
				<class name="hudson.cli.CLICommandInvoker" filename="hudson/cli/CLICommandInvoker.java" line-rate="0.926829268292683" branch-rate="0.7" complexity="1.4814814814814814">
					<methods>
						<method name="&lt;init&gt;" signature="(Lorg/jvnet/hudson/test/JenkinsRule;Lhudson/cli/CLICommand;)V" line-rate="0.8333333333333334" branch-rate="0.5">
							<lines>
								<line number="63" hits="44" branch="false"/>
								<line number="65" hits="44" branch="true" condition-coverage="50% (1/2)">
									<conditions>
										<condition number="0" type="jump" coverage="50%"/>
									</conditions>
								</line>
								<line number="67" hits="0" branch="false"/>
								<line number="73" hits="44" branch="false"/>
								<line number="74" hits="44" branch="false"/>
								<line number="75" hits="44" branch="false"/>
							</lines>
						</method>
						<method name="&lt;init&gt;" signature="(Lorg/jvnet/hudson/test/JenkinsRule;Ljava/lang/String;)V" line-rate="1.0" branch-rate="0.5">
							<lines>
								<line number="59" hits="49" branch="false"/>
								<line number="60" hits="49" branch="false"/>
								<line number="61" hits="49" branch="false"/>
								<line number="77" hits="5" branch="false"/>
								<line number="78" hits="5" branch="false"/>
								<line number="79" hits="5" branch="false"/>
								<line number="81" hits="5" branch="true" condition-coverage="50% (1/2)">
									<conditions>
										<condition number="0" type="jump" coverage="50%"/>
									</conditions>
								</line>
								<line number="82" hits="5" branch="false"/>
							</lines>
						</method>
						<method name="authorizedTo" signature="([Lhudson/security/Permission;)Lhudson/cli/CLICommandInvoker;" line-rate="1.0" branch-rate="1.0">
							<lines>
								<line number="86" hits="33" branch="false"/>
								<line number="87" hits="33" branch="false"/>
							</lines>
						</method>
						<method name="invoke" signature="()Lhudson/cli/CLICommandInvoker$Result;" line-rate="1.0" branch-rate="1.0">
							<lines>
								<line number="111" hits="50" branch="false"/>
								<line number="113" hits="17" branch="false"/>
								<line number="114" hits="17" branch="false"/>
								<line number="116" hits="17" branch="false"/>
								<line number="120" hits="17" branch="false"/>
							</lines>
						</method>
						<method name="invokeWithArgs" signature="([Ljava/lang/String;)Lhudson/cli/CLICommandInvoker$Result;" line-rate="1.0" branch-rate="1.0">
							<lines>
								<line number="106" hits="42" branch="false"/>
							</lines>
						</method>
						<method name="setAuth" signature="()V" line-rate="0.8461538461538461" branch-rate="1.0">
							<lines>
								<line number="125" hits="50" branch="true" condition-coverage="100% (2/2)">
									<conditions>
										<condition number="0" type="jump" coverage="100%"/>
									</conditions>
								</line>
								<line number="127" hits="33" branch="false"/>
								<line number="128" hits="33" branch="false"/>
								<line number="129" hits="33" branch="false"/>
								<line number="131" hits="33" branch="false"/>
								<line number="132" hits="33" branch="true" condition-coverage="100% (2/2)">
									<conditions>
										<condition number="0" type="jump" coverage="100%"/>
									</conditions>
								</line>
								<line number="133" hits="67" branch="false"/>
								<line number="134" hits="67" branch="false"/>
								<line number="135" hits="67" branch="false"/>
								<line number="136" hits="33" branch="false"/>
								<line number="138" hits="33" branch="false"/>
								<line number="140" hits="0" branch="false"/>
								<line number="141" hits="0" branch="false"/>
							</lines>
						</method>
						<method name="user" signature="()Lhudson/model/User;" line-rate="1.0" branch-rate="1.0">
							<lines>
								<line number="145" hits="33" branch="false"/>
							</lines>
						</method>
						<method name="withArgs" signature="([Ljava/lang/String;)Lhudson/cli/CLICommandInvoker;" line-rate="1.0" branch-rate="1.0">
							<lines>
								<line number="100" hits="42" branch="false"/>
								<line number="101" hits="42" branch="false"/>
							</lines>
						</method>
						<method name="withStdin" signature="(Ljava/io/InputStream;)Lhudson/cli/CLICommandInvoker;" line-rate="1.0" branch-rate="0.5">
							<lines>
								<line number="92" hits="17" branch="true" condition-coverage="50% (1/2)">
									<conditions>
										<condition number="0" type="jump" coverage="50%"/>
									</conditions>
								</line>
								<line number="94" hits="17" branch="false"/>
								<line number="95" hits="17" branch="false"/>
							</lines>
						</method>
					</methods>
					<lines>
						<line number="59" hits="49" branch="false"/>
						<line number="60" hits="49" branch="false"/>
						<line number="61" hits="49" branch="false"/>
						<line number="63" hits="44" branch="false"/>
						<line number="65" hits="44" branch="true" condition-coverage="50% (1/2)">
							<conditions>
								<condition number="0" type="jump" coverage="50%"/>
							</conditions>
						</line>
						<line number="67" hits="0" branch="false"/>
						<line number="73" hits="44" branch="false"/>
						<line number="74" hits="44" branch="false"/>
						<line number="75" hits="44" branch="false"/>
						<line number="77" hits="5" branch="false"/>
						<line number="78" hits="5" branch="false"/>
						<line number="79" hits="5" branch="false"/>
						<line number="81" hits="5" branch="true" condition-coverage="50% (1/2)">
							<conditions>
								<condition number="0" type="jump" coverage="50%"/>
							</conditions>
						</line>
						<line number="82" hits="5" branch="false"/>
						<line number="86" hits="33" branch="false"/>
						<line number="87" hits="33" branch="false"/>
						<line number="92" hits="17" branch="true" condition-coverage="50% (1/2)">
							<conditions>
								<condition number="0" type="jump" coverage="50%"/>
							</conditions>
						</line>
						<line number="94" hits="17" branch="false"/>
						<line number="95" hits="17" branch="false"/>
						<line number="100" hits="42" branch="false"/>
						<line number="101" hits="42" branch="false"/>
						<line number="106" hits="42" branch="false"/>
						<line number="111" hits="50" branch="false"/>
						<line number="113" hits="17" branch="false"/>
						<line number="114" hits="17" branch="false"/>
						<line number="116" hits="17" branch="false"/>
						<line number="120" hits="17" branch="false"/>
						<line number="125" hits="50" branch="true" condition-coverage="100% (2/2)">
							<conditions>
								<condition number="0" type="jump" coverage="100%"/>
							</conditions>
						</line>
						<line number="127" hits="33" branch="false"/>
						<line number="128" hits="33" branch="false"/>
						<line number="129" hits="33" branch="false"/>
						<line number="131" hits="33" branch="false"/>
						<line number="132" hits="33" branch="true" condition-coverage="100% (2/2)">
							<conditions>
								<condition number="0" type="jump" coverage="100%"/>
							</conditions>
						</line>
						<line number="133" hits="67" branch="false"/>
						<line number="134" hits="67" branch="false"/>
						<line number="135" hits="67" branch="false"/>
						<line number="136" hits="33" branch="false"/>
						<line number="138" hits="33" branch="false"/>
						<line number="140" hits="0" branch="false"/>
						<line number="141" hits="0" branch="false"/>
						<line number="145" hits="33" branch="false"/>
					</lines>
				</class>
				<class name="hudson.cli.CLICommandInvoker$1" filename="hudson/cli/CLICommandInvoker.java" line-rate="1.0" branch-rate="1.0" complexity="1.4814814814814814">
					<methods>
					</methods>
					<lines>
					</lines>
				</class>
				<class name="hudson.cli.CLICommandInvoker$Matcher" filename="hudson/cli/CLICommandInvoker.java" line-rate="0.6153846153846154" branch-rate="1.0" complexity="1.4814814814814814">
					<methods>
						<method name="&lt;init&gt;" signature="(Ljava/lang/String;)V" line-rate="1.0" branch-rate="1.0">
							<lines>
								<line number="201" hits="19" branch="false"/>
								<line number="202" hits="19" branch="false"/>
								<line number="203" hits="19" branch="false"/>
							</lines>
						</method>
						<method name="&lt;init&gt;" signature="(Ljava/lang/String;Lhudson/cli/CLICommandInvoker$1;)V" line-rate="1.0" branch-rate="1.0">
							<lines>
								<line number="197" hits="19" branch="false"/>
							</lines>
						</method>
						<method name="describeMismatchSafely" signature="(Lhudson/cli/CLICommandInvoker$Result;Lorg/hamcrest/Description;)V" line-rate="0.0" branch-rate="1.0">
							<lines>
								<line number="207" hits="0" branch="false"/>
								<line number="208" hits="0" branch="false"/>
							</lines>
						</method>
						<method name="describeMismatchSafely" signature="(Ljava/lang/Object;Lorg/hamcrest/Description;)V" line-rate="1.0" branch-rate="1.0">
							<lines>
							</lines>
						</method>
						<method name="describeTo" signature="(Lorg/hamcrest/Description;)V" line-rate="0.0" branch-rate="1.0">
							<lines>
								<line number="211" hits="0" branch="false"/>
								<line number="212" hits="0" branch="false"/>
							</lines>
						</method>
						<method name="failedWith" signature="(J)Lhudson/cli/CLICommandInvoker$Matcher;" line-rate="1.0" branch-rate="1.0">
							<lines>
								<line number="247" hits="7" branch="false"/>
							</lines>
						</method>
						<method name="hasNoErrorOutput" signature="()Lhudson/cli/CLICommandInvoker$Matcher;" line-rate="0.0" branch-rate="1.0">
							<lines>
								<line number="223" hits="0" branch="false"/>
							</lines>
						</method>
						<method name="hasNoStandardOutput" signature="()Lhudson/cli/CLICommandInvoker$Matcher;" line-rate="1.0" branch-rate="1.0">
							<lines>
								<line number="215" hits="3" branch="false"/>
							</lines>
						</method>
						<method name="succeeded" signature="()Lhudson/cli/CLICommandInvoker$Matcher;" line-rate="1.0" branch-rate="1.0">
							<lines>
								<line number="231" hits="3" branch="false"/>
							</lines>
						</method>
						<method name="succeededSilently" signature="()Lhudson/cli/CLICommandInvoker$Matcher;" line-rate="1.0" branch-rate="1.0">
							<lines>
								<line number="239" hits="6" branch="false"/>
							</lines>
						</method>
					</methods>
					<lines>
						<line number="197" hits="19" branch="false"/>
						<line number="201" hits="19" branch="false"/>
						<line number="202" hits="19" branch="false"/>
						<line number="203" hits="19" branch="false"/>
						<line number="207" hits="0" branch="false"/>
						<line number="208" hits="0" branch="false"/>
						<line number="211" hits="0" branch="false"/>
						<line number="212" hits="0" branch="false"/>
						<line number="215" hits="3" branch="false"/>
						<line number="223" hits="0" branch="false"/>
						<line number="231" hits="3" branch="false"/>
						<line number="239" hits="6" branch="false"/>
						<line number="247" hits="7" branch="false"/>
					</lines>
				</class>
				<class name="hudson.cli.CLICommandInvoker$Matcher$1" filename="hudson/cli/CLICommandInvoker.java" line-rate="1.0" branch-rate="1.0" complexity="1.4814814814814814">
					<methods>
						<method name="&lt;init&gt;" signature="(Ljava/lang/String;)V" line-rate="1.0" branch-rate="1.0">
							<lines>
							</lines>
						</method>
						<method name="describeMismatchSafely" signature="(Ljava/lang/Object;Lorg/hamcrest/Description;)V" line-rate="1.0" branch-rate="1.0">
							<lines>
							</lines>
						</method>
						<method name="matchesSafely" signature="(Lhudson/cli/CLICommandInvoker$Result;)Z" line-rate="1.0" branch-rate="1.0">
							<lines>
								<line number="217" hits="3" branch="false"/>
							</lines>
						</method>
						<method name="matchesSafely" signature="(Ljava/lang/Object;)Z" line-rate="1.0" branch-rate="1.0">
							<lines>
								<line number="215" hits="6" branch="false"/>
							</lines>
						</method>
					</methods>
					<lines>
						<line number="215" hits="6" branch="false"/>
						<line number="217" hits="3" branch="false"/>
					</lines>
				</class>
				<class name="hudson.cli.CLICommandInvoker$Matcher$2" filename="hudson/cli/CLICommandInvoker.java" line-rate="0.0" branch-rate="1.0" complexity="1.4814814814814814">
					<methods>
						<method name="&lt;init&gt;" signature="(Ljava/lang/String;)V" line-rate="1.0" branch-rate="1.0">
							<lines>
							</lines>
						</method>
						<method name="describeMismatchSafely" signature="(Ljava/lang/Object;Lorg/hamcrest/Description;)V" line-rate="1.0" branch-rate="1.0">
							<lines>
							</lines>
						</method>
						<method name="matchesSafely" signature="(Lhudson/cli/CLICommandInvoker$Result;)Z" line-rate="0.0" branch-rate="1.0">
							<lines>
								<line number="225" hits="0" branch="false"/>
							</lines>
						</method>
						<method name="matchesSafely" signature="(Ljava/lang/Object;)Z" line-rate="0.0" branch-rate="1.0">
							<lines>
								<line number="223" hits="0" branch="false"/>
							</lines>
						</method>
					</methods>
					<lines>
						<line number="223" hits="0" branch="false"/>
						<line number="225" hits="0" branch="false"/>
					</lines>
				</class>
				<class name="hudson.cli.CLICommandInvoker$Matcher$3" filename="hudson/cli/CLICommandInvoker.java" line-rate="1.0" branch-rate="0.5" complexity="1.4814814814814814">
					<methods>
						<method name="&lt;init&gt;" signature="(Ljava/lang/String;)V" line-rate="1.0" branch-rate="1.0">
							<lines>
							</lines>
						</method>
						<method name="describeMismatchSafely" signature="(Ljava/lang/Object;Lorg/hamcrest/Description;)V" line-rate="1.0" branch-rate="1.0">
							<lines>
							</lines>
						</method>
						<method name="matchesSafely" signature="(Lhudson/cli/CLICommandInvoker$Result;)Z" line-rate="1.0" branch-rate="0.5">
							<lines>
								<line number="233" hits="3" branch="true" condition-coverage="50% (1/2)">
									<conditions>
										<condition number="0" type="jump" coverage="50%"/>
									</conditions>
								</line>
							</lines>
						</method>
						<method name="matchesSafely" signature="(Ljava/lang/Object;)Z" line-rate="1.0" branch-rate="1.0">
							<lines>
								<line number="231" hits="6" branch="false"/>
							</lines>
						</method>
					</methods>
					<lines>
						<line number="231" hits="6" branch="false"/>
						<line number="233" hits="3" branch="true" condition-coverage="50% (1/2)">
							<conditions>
								<condition number="0" type="jump" coverage="50%"/>
							</conditions>
						</line>
					</lines>
				</class>
				<class name="hudson.cli.CLICommandInvoker$Matcher$4" filename="hudson/cli/CLICommandInvoker.java" line-rate="1.0" branch-rate="0.5" complexity="1.4814814814814814">
					<methods>
						<method name="&lt;init&gt;" signature="(Ljava/lang/String;)V" line-rate="1.0" branch-rate="1.0">
							<lines>
							</lines>
						</method>
						<method name="describeMismatchSafely" signature="(Ljava/lang/Object;Lorg/hamcrest/Description;)V" line-rate="1.0" branch-rate="1.0">
							<lines>
							</lines>
						</method>
						<method name="matchesSafely" signature="(Lhudson/cli/CLICommandInvoker$Result;)Z" line-rate="1.0" branch-rate="0.5">
							<lines>
								<line number="241" hits="6" branch="true" condition-coverage="50% (3/6)">
									<conditions>
										<condition number="0" type="jump" coverage="50%"/>
										<condition number="1" type="jump" coverage="50%"/>
										<condition number="2" type="jump" coverage="50%"/>
									</conditions>
								</line>
							</lines>
						</method>
						<method name="matchesSafely" signature="(Ljava/lang/Object;)Z" line-rate="1.0" branch-rate="1.0">
							<lines>
								<line number="239" hits="12" branch="false"/>
							</lines>
						</method>
					</methods>
					<lines>
						<line number="239" hits="12" branch="false"/>
						<line number="241" hits="6" branch="true" condition-coverage="50% (3/6)">
							<conditions>
								<condition number="0" type="jump" coverage="50%"/>
								<condition number="1" type="jump" coverage="50%"/>
								<condition number="2" type="jump" coverage="50%"/>
							</conditions>
						</line>
					</lines>
				</class>
				<class name="hudson.cli.CLICommandInvoker$Matcher$5" filename="hudson/cli/CLICommandInvoker.java" line-rate="1.0" branch-rate="0.5" complexity="1.4814814814814814">
					<methods>
						<method name="&lt;init&gt;" signature="(Ljava/lang/String;J)V" line-rate="1.0" branch-rate="1.0">
							<lines>
							</lines>
						</method>
						<method name="describeMismatchSafely" signature="(Ljava/lang/Object;Lorg/hamcrest/Description;)V" line-rate="1.0" branch-rate="1.0">
							<lines>
							</lines>
						</method>
						<method name="matchesSafely" signature="(Lhudson/cli/CLICommandInvoker$Result;)Z" line-rate="1.0" branch-rate="0.5">
							<lines>
								<line number="249" hits="7" branch="true" condition-coverage="50% (1/2)">
									<conditions>
										<condition number="0" type="jump" coverage="50%"/>
									</conditions>
								</line>
							</lines>
						</method>
						<method name="matchesSafely" signature="(Ljava/lang/Object;)Z" line-rate="1.0" branch-rate="1.0">
							<lines>
								<line number="247" hits="14" branch="false"/>
							</lines>
						</method>
					</methods>
					<lines>
						<line number="247" hits="14" branch="false"/>
						<line number="249" hits="7" branch="true" condition-coverage="50% (1/2)">
							<conditions>
								<condition number="0" type="jump" coverage="50%"/>
							</conditions>
						</line>
					</lines>
				</class>
				<class name="hudson.cli.CLICommandInvoker$Result" filename="hudson/cli/CLICommandInvoker.java" line-rate="0.47058823529411764" branch-rate="0.0" complexity="1.4814814814814814">
					<methods>
						<method name="&lt;init&gt;" signature="(ILjava/io/ByteArrayOutputStream;Ljava/io/ByteArrayOutputStream;)V" line-rate="1.0" branch-rate="1.0">
							<lines>
								<line number="158" hits="17" branch="false"/>
								<line number="160" hits="17" branch="false"/>
								<line number="161" hits="17" branch="false"/>
								<line number="162" hits="17" branch="false"/>
								<line number="163" hits="17" branch="false"/>
							</lines>
						</method>
						<method name="&lt;init&gt;" signature="(ILjava/io/ByteArrayOutputStream;Ljava/io/ByteArrayOutputStream;Lhudson/cli/CLICommandInvoker$1;)V" line-rate="1.0" branch-rate="1.0">
							<lines>
							</lines>
						</method>
						<method name="access$200" signature="(Lhudson/cli/CLICommandInvoker$Result;)I" line-rate="1.0" branch-rate="1.0">
							<lines>
								<line number="148" hits="33" branch="false"/>
							</lines>
						</method>
						<method name="returnCode" signature="()I" line-rate="0.0" branch-rate="1.0">
							<lines>
								<line number="167" hits="0" branch="false"/>
							</lines>
						</method>
						<method name="stderr" signature="()Ljava/lang/String;" line-rate="1.0" branch-rate="1.0">
							<lines>
								<line number="177" hits="16" branch="false"/>
							</lines>
						</method>
						<method name="stdout" signature="()Ljava/lang/String;" line-rate="1.0" branch-rate="1.0">
							<lines>
								<line number="172" hits="9" branch="false"/>
							</lines>
						</method>
						<method name="toString" signature="()Ljava/lang/String;" line-rate="0.0" branch-rate="0.0">
							<lines>
								<line number="183" hits="0" branch="false"/>
								<line number="184" hits="0" branch="false"/>
								<line number="185" hits="0" branch="true" condition-coverage="0% (0/2)">
									<conditions>
										<condition number="0" type="jump" coverage="0%"/>
									</conditions>
								</line>
								<line number="186" hits="0" branch="false"/>
								<line number="188" hits="0" branch="false"/>
								<line number="189" hits="0" branch="true" condition-coverage="0% (0/2)">
									<conditions>
										<condition number="0" type="jump" coverage="0%"/>
									</conditions>
								</line>
								<line number="190" hits="0" branch="false"/>
								<line number="193" hits="0" branch="false"/>
							</lines>
						</method>
					</methods>
					<lines>
						<line number="148" hits="33" branch="false"/>
						<line number="158" hits="17" branch="false"/>
						<line number="160" hits="17" branch="false"/>
						<line number="161" hits="17" branch="false"/>
						<line number="162" hits="17" branch="false"/>
						<line number="163" hits="17" branch="false"/>
						<line number="167" hits="0" branch="false"/>
						<line number="172" hits="9" branch="false"/>
						<line number="177" hits="16" branch="false"/>
						<line number="183" hits="0" branch="false"/>
						<line number="184" hits="0" branch="false"/>
						<line number="185" hits="0" branch="true" condition-coverage="0% (0/2)">
							<conditions>
								<condition number="0" type="jump" coverage="0%"/>
							</conditions>
						</line>
						<line number="186" hits="0" branch="false"/>
						<line number="188" hits="0" branch="false"/>
						<line number="189" hits="0" branch="true" condition-coverage="0% (0/2)">
							<conditions>
								<condition number="0" type="jump" coverage="0%"/>
							</conditions>
						</line>
						<line number="190" hits="0" branch="false"/>
						<line number="193" hits="0" branch="false"/>
					</lines>
				</class>
			</classes>
		</package>
		<package name="hudson.util" line-rate="0.6666666666666666" branch-rate="1.0" complexity="1.0">
			<classes>
				<class name="hudson.util.SecretHelper" filename="hudson/util/SecretHelper.java" line-rate="0.6666666666666666" branch-rate="1.0" complexity="1.0">
					<methods>
						<method name="&lt;init&gt;" signature="()V" line-rate="0.0" branch-rate="1.0">
							<lines>
								<line number="6" hits="0" branch="false"/>
							</lines>
						</method>
						<method name="set" signature="(Ljava/lang/String;)V" line-rate="1.0" branch-rate="1.0">
							<lines>
								<line number="8" hits="2" branch="false"/>
								<line number="9" hits="2" branch="false"/>
							</lines>
						</method>
					</methods>
					<lines>
						<line number="6" hits="0" branch="false"/>
						<line number="8" hits="2" branch="false"/>
						<line number="9" hits="2" branch="false"/>
					</lines>
				</class>
			</classes>
		</package>
		<package name="jenkins.model" line-rate="0.6666666666666666" branch-rate="1.0" complexity="1.0">
			<classes>
				<class name="jenkins.model.JenkinsAdaptor" filename="jenkins/model/JenkinsAdaptor.java" line-rate="0.6666666666666666" branch-rate="1.0" complexity="1.0">
					<methods>
						<method name="&lt;init&gt;" signature="()V" line-rate="0.0" branch-rate="1.0">
							<lines>
								<line number="6" hits="0" branch="false"/>
							</lines>
						</method>
						<method name="setQuietPeriod" signature="(Ljenkins/model/Jenkins;I)V" line-rate="1.0" branch-rate="1.0">
							<lines>
								<line number="8" hits="2" branch="false"/>
								<line number="9" hits="2" branch="false"/>
							</lines>
						</method>
					</methods>
					<lines>
						<line number="6" hits="0" branch="false"/>
						<line number="8" hits="2" branch="false"/>
						<line number="9" hits="2" branch="false"/>
					</lines>
				</class>
			</classes>
		</package>
		<package name="org.jvnet.hudson.test" line-rate="0.45573518090839105" branch-rate="0.26515151515151514" complexity="1.889589905362776">
			<classes>
				<class name="org.jvnet.hudson.test.CaptureEnvironmentBuilder" filename="org/jvnet/hudson/test/CaptureEnvironmentBuilder.java" line-rate="1.0" branch-rate="1.0" complexity="1.25">
					<methods>
						<method name="&lt;init&gt;" signature="()V" line-rate="1.0" branch-rate="1.0">
							<lines>
								<line number="43" hits="13" branch="false"/>
								<line number="56" hits="13" branch="false"/>
							</lines>
						</method>
						<method name="getEnvVars" signature="()Lhudson/EnvVars;" line-rate="1.0" branch-rate="1.0">
							<lines>
								<line number="48" hits="8" branch="false"/>
							</lines>
						</method>
						<method name="perform" signature="(Lhudson/model/AbstractBuild;Lhudson/Launcher;Lhudson/model/BuildListener;)Z" line-rate="1.0" branch-rate="1.0">
							<lines>
								<line number="52" hits="11" branch="false"/>
								<line number="53" hits="11" branch="false"/>
							</lines>
						</method>
					</methods>
					<lines>
						<line number="43" hits="13" branch="false"/>
						<line number="48" hits="8" branch="false"/>
						<line number="52" hits="11" branch="false"/>
						<line number="53" hits="11" branch="false"/>
						<line number="56" hits="13" branch="false"/>
					</lines>
				</class>
				<class name="org.jvnet.hudson.test.CaptureEnvironmentBuilder$DescriptorImpl" filename="org/jvnet/hudson/test/CaptureEnvironmentBuilder.java" line-rate="0.5" branch-rate="1.0" complexity="1.25">
					<methods>
						<method name="&lt;init&gt;" signature="()V" line-rate="1.0" branch-rate="1.0">
							<lines>
								<line number="57" hits="668" branch="false"/>
							</lines>
						</method>
						<method name="getDisplayName" signature="()Ljava/lang/String;" line-rate="1.0" branch-rate="1.0">
							<lines>
								<line number="63" hits="11386" branch="false"/>
							</lines>
						</method>
						<method name="newInstance" signature="(Lorg/kohsuke/stapler/StaplerRequest;Lnet/sf/json/JSONObject;)Lhudson/model/Describable;" line-rate="0.0" branch-rate="1.0">
							<lines>
								<line number="56" hits="0" branch="false"/>
							</lines>
						</method>
						<method name="newInstance" signature="(Lorg/kohsuke/stapler/StaplerRequest;Lnet/sf/json/JSONObject;)Lhudson/tasks/Builder;" line-rate="0.0" branch-rate="1.0">
							<lines>
								<line number="59" hits="0" branch="false"/>
							</lines>
						</method>
					</methods>
					<lines>
						<line number="56" hits="0" branch="false"/>
						<line number="57" hits="668" branch="false"/>
						<line number="59" hits="0" branch="false"/>
						<line number="63" hits="11386" branch="false"/>
					</lines>
				</class>
				<class name="org.jvnet.hudson.test.ChannelShutdownListener" filename="org/jvnet/hudson/test/ChannelShutdownListener.java" line-rate="1.0" branch-rate="1.0" complexity="2.5">
					<methods>
						<method name="&lt;init&gt;" signature="()V" line-rate="1.0" branch-rate="1.0">
							<lines>
								<line number="20" hits="668" branch="false"/>
								<line number="24" hits="668" branch="false"/>
							</lines>
						</method>
						<method name="onOnline" signature="(Lhudson/model/Computer;Lhudson/model/TaskListener;)V" line-rate="1.0" branch-rate="1.0">
							<lines>
								<line number="28" hits="744" branch="false"/>
								<line number="29" hits="744" branch="true" condition-coverage="100% (2/2)">
									<conditions>
										<condition number="0" type="jump" coverage="100%"/>
									</conditions>
								</line>
								<line number="30" hits="76" branch="false"/>
								<line number="32" hits="744" branch="false"/>
							</lines>
						</method>
						<method name="onTearDown" signature="()V" line-rate="1.0" branch-rate="1.0">
							<lines>
								<line number="36" hits="665" branch="true" condition-coverage="100% (2/2)">
									<conditions>
										<condition number="0" type="jump" coverage="100%"/>
									</conditions>
								</line>
								<line number="37" hits="76" branch="false"/>
								<line number="38" hits="665" branch="true" condition-coverage="100% (2/2)">
									<conditions>
										<condition number="0" type="jump" coverage="100%"/>
									</conditions>
								</line>
								<line number="39" hits="76" branch="false"/>
								<line number="40" hits="665" branch="false"/>
								<line number="41" hits="665" branch="false"/>
							</lines>
						</method>
					</methods>
					<lines>
						<line number="20" hits="668" branch="false"/>
						<line number="24" hits="668" branch="false"/>
						<line number="28" hits="744" branch="false"/>
						<line number="29" hits="744" branch="true" condition-coverage="100% (2/2)">
							<conditions>
								<condition number="0" type="jump" coverage="100%"/>
							</conditions>
						</line>
						<line number="30" hits="76" branch="false"/>
						<line number="32" hits="744" branch="false"/>
						<line number="36" hits="665" branch="true" condition-coverage="100% (2/2)">
							<conditions>
								<condition number="0" type="jump" coverage="100%"/>
							</conditions>
						</line>
						<line number="37" hits="76" branch="false"/>
						<line number="38" hits="665" branch="true" condition-coverage="100% (2/2)">
							<conditions>
								<condition number="0" type="jump" coverage="100%"/>
							</conditions>
						</line>
						<line number="39" hits="76" branch="false"/>
						<line number="40" hits="665" branch="false"/>
						<line number="41" hits="665" branch="false"/>
					</lines>
				</class>
				<class name="org.jvnet.hudson.test.ClosureExecuterAction" filename="org/jvnet/hudson/test/ClosureExecuterAction.java" line-rate="0.3333333333333333" branch-rate="0.0" complexity="1.2">
					<methods>
						<method name="&lt;init&gt;" signature="()V" line-rate="1.0" branch-rate="1.0">
							<lines>
								<line number="43" hits="668" branch="false"/>
								<line number="44" hits="668" branch="false"/>
							</lines>
						</method>
						<method name="add" signature="(Ljava/util/UUID;Ljava/lang/Runnable;)V" line-rate="1.0" branch-rate="1.0">
							<lines>
								<line number="47" hits="4" branch="false"/>
								<line number="48" hits="4" branch="false"/>
							</lines>
						</method>
						<method name="doIndex" signature="(Lorg/kohsuke/stapler/StaplerResponse;Ljava/lang/String;)V" line-rate="0.0" branch-rate="0.0">
							<lines>
								<line number="51" hits="0" branch="false"/>
								<line number="52" hits="0" branch="true" condition-coverage="0% (0/2)">
									<conditions>
										<condition number="0" type="jump" coverage="0%"/>
									</conditions>
								</line>
								<line number="53" hits="0" branch="false"/>
								<line number="55" hits="0" branch="false"/>
								<line number="57" hits="0" branch="false"/>
							</lines>
						</method>
						<method name="getDisplayName" signature="()Ljava/lang/String;" line-rate="0.0" branch-rate="1.0">
							<lines>
								<line number="64" hits="0" branch="false"/>
							</lines>
						</method>
						<method name="getIconFileName" signature="()Ljava/lang/String;" line-rate="0.0" branch-rate="1.0">
							<lines>
								<line number="60" hits="0" branch="false"/>
							</lines>
						</method>
						<method name="getUrlName" signature="()Ljava/lang/String;" line-rate="0.0" branch-rate="1.0">
							<lines>
								<line number="68" hits="0" branch="false"/>
							</lines>
						</method>
					</methods>
					<lines>
						<line number="43" hits="668" branch="false"/>
						<line number="44" hits="668" branch="false"/>
						<line number="47" hits="4" branch="false"/>
						<line number="48" hits="4" branch="false"/>
						<line number="51" hits="0" branch="false"/>
						<line number="52" hits="0" branch="true" condition-coverage="0% (0/2)">
							<conditions>
								<condition number="0" type="jump" coverage="0%"/>
							</conditions>
						</line>
						<line number="53" hits="0" branch="false"/>
						<line number="55" hits="0" branch="false"/>
						<line number="57" hits="0" branch="false"/>
						<line number="60" hits="0" branch="false"/>
						<line number="64" hits="0" branch="false"/>
						<line number="68" hits="0" branch="false"/>
					</lines>
				</class>
				<class name="org.jvnet.hudson.test.ComputerConnectorTester" filename="org/jvnet/hudson/test/ComputerConnectorTester.java" line-rate="0.5" branch-rate="1.0" complexity="1.0">
					<methods>
						<method name="&lt;init&gt;" signature="(Lorg/jvnet/hudson/test/HudsonTestCase;)V" line-rate="1.0" branch-rate="1.0">
							<lines>
								<line number="47" hits="294" branch="false"/>
								<line number="48" hits="294" branch="false"/>
								<line number="49" hits="294" branch="false"/>
							</lines>
						</method>
						<method name="doConfigSubmit" signature="(Lorg/kohsuke/stapler/StaplerRequest;)V" line-rate="0.0" branch-rate="1.0">
							<lines>
								<line number="52" hits="0" branch="false"/>
								<line number="53" hits="0" branch="false"/>
							</lines>
						</method>
						<method name="getConnectorDescriptors" signature="()Ljava/util/List;" line-rate="0.0" branch-rate="1.0">
							<lines>
								<line number="56" hits="0" branch="false"/>
							</lines>
						</method>
					</methods>
					<lines>
						<line number="47" hits="294" branch="false"/>
						<line number="48" hits="294" branch="false"/>
						<line number="49" hits="294" branch="false"/>
						<line number="52" hits="0" branch="false"/>
						<line number="53" hits="0" branch="false"/>
						<line number="56" hits="0" branch="false"/>
					</lines>
				</class>
				<class name="org.jvnet.hudson.test.ComputerConnectorTester$DescriptorImpl" filename="org/jvnet/hudson/test/ComputerConnectorTester.java" line-rate="1.0" branch-rate="1.0" complexity="1.0">
					<methods>
						<method name="&lt;init&gt;" signature="()V" line-rate="1.0" branch-rate="1.0">
							<lines>
								<line number="60" hits="668" branch="false"/>
							</lines>
						</method>
						<method name="getDisplayName" signature="()Ljava/lang/String;" line-rate="1.0" branch-rate="1.0">
							<lines>
								<line number="63" hits="5337" branch="false"/>
							</lines>
						</method>
					</methods>
					<lines>
						<line number="60" hits="668" branch="false"/>
						<line number="63" hits="5337" branch="false"/>
					</lines>
				</class>
				<class name="org.jvnet.hudson.test.DefaultConstructorChecker" filename="org/jvnet/hudson/test/DefaultConstructorChecker.java" line-rate="0.0" branch-rate="1.0" complexity="3.0">
					<methods>
						<method name="&lt;init&gt;" signature="(Ljava/lang/Class;)V" line-rate="0.0" branch-rate="1.0">
							<lines>
								<line number="13" hits="0" branch="false"/>
								<line number="14" hits="0" branch="false"/>
								<line number="15" hits="0" branch="false"/>
								<line number="16" hits="0" branch="false"/>
							</lines>
						</method>
						<method name="runTest" signature="()V" line-rate="0.0" branch-rate="1.0">
							<lines>
								<line number="21" hits="0" branch="false"/>
								<line number="22" hits="0" branch="false"/>
								<line number="23" hits="0" branch="false"/>
								<line number="24" hits="0" branch="false"/>
								<line number="25" hits="0" branch="false"/>
								<line number="26" hits="0" branch="false"/>
								<line number="27" hits="0" branch="false"/>
							</lines>
						</method>
					</methods>
					<lines>
						<line number="13" hits="0" branch="false"/>
						<line number="14" hits="0" branch="false"/>
						<line number="15" hits="0" branch="false"/>
						<line number="16" hits="0" branch="false"/>
						<line number="21" hits="0" branch="false"/>
						<line number="22" hits="0" branch="false"/>
						<line number="23" hits="0" branch="false"/>
						<line number="24" hits="0" branch="false"/>
						<line number="25" hits="0" branch="false"/>
						<line number="26" hits="0" branch="false"/>
						<line number="27" hits="0" branch="false"/>
					</lines>
				</class>
				<class name="org.jvnet.hudson.test.EndOfTestListener" filename="org/jvnet/hudson/test/EndOfTestListener.java" line-rate="1.0" branch-rate="1.0" complexity="1.0">
					<methods>
					</methods>
					<lines>
					</lines>
				</class>
				<class name="org.jvnet.hudson.test.ExtractChangeLogParser" filename="org/jvnet/hudson/test/ExtractChangeLogParser.java" line-rate="0.0" branch-rate="0.0" complexity="1.1875">
					<methods>
						<method name="&lt;init&gt;" signature="()V" line-rate="0.0" branch-rate="1.0">
							<lines>
								<line number="140" hits="0" branch="false"/>
							</lines>
						</method>
						<method name="parse" signature="(Lhudson/model/AbstractBuild;Ljava/io/File;)Lhudson/scm/ChangeLogSet;" line-rate="0.0" branch-rate="1.0">
							<lines>
								<line number="46" hits="0" branch="false"/>
							</lines>
						</method>
						<method name="parse" signature="(Lhudson/model/AbstractBuild;Ljava/io/File;)Lorg/jvnet/hudson/test/ExtractChangeLogSet;" line-rate="0.0" branch-rate="0.0">
							<lines>
								<line number="50" hits="0" branch="true" condition-coverage="0% (0/2)">
									<conditions>
										<condition number="0" type="jump" coverage="0%"/>
									</conditions>
								</line>
								<line number="51" hits="0" branch="false"/>
								<line number="52" hits="0" branch="false"/>
								<line number="53" hits="0" branch="false"/>
								<line number="54" hits="0" branch="false"/>
								<line number="56" hits="0" branch="false"/>
							</lines>
						</method>
						<method name="parse" signature="(Lhudson/model/AbstractBuild;Ljava/io/InputStream;)Lorg/jvnet/hudson/test/ExtractChangeLogSet;" line-rate="0.0" branch-rate="1.0">
							<lines>
								<line number="63" hits="0" branch="false"/>
								<line number="65" hits="0" branch="false"/>
								<line number="66" hits="0" branch="false"/>
								<line number="67" hits="0" branch="false"/>
								<line number="68" hits="0" branch="false"/>
								<line number="70" hits="0" branch="false"/>
								<line number="72" hits="0" branch="false"/>
								<line number="74" hits="0" branch="false"/>
								<line number="75" hits="0" branch="false"/>
								<line number="76" hits="0" branch="false"/>
								<line number="78" hits="0" branch="false"/>
								<line number="80" hits="0" branch="false"/>
							</lines>
						</method>
					</methods>
					<lines>
						<line number="46" hits="0" branch="false"/>
						<line number="50" hits="0" branch="true" condition-coverage="0% (0/2)">
							<conditions>
								<condition number="0" type="jump" coverage="0%"/>
							</conditions>
						</line>
						<line number="51" hits="0" branch="false"/>
						<line number="52" hits="0" branch="false"/>
						<line number="53" hits="0" branch="false"/>
						<line number="54" hits="0" branch="false"/>
						<line number="56" hits="0" branch="false"/>
						<line number="63" hits="0" branch="false"/>
						<line number="65" hits="0" branch="false"/>
						<line number="66" hits="0" branch="false"/>
						<line number="67" hits="0" branch="false"/>
						<line number="68" hits="0" branch="false"/>
						<line number="70" hits="0" branch="false"/>
						<line number="72" hits="0" branch="false"/>
						<line number="74" hits="0" branch="false"/>
						<line number="75" hits="0" branch="false"/>
						<line number="76" hits="0" branch="false"/>
						<line number="78" hits="0" branch="false"/>
						<line number="80" hits="0" branch="false"/>
						<line number="140" hits="0" branch="false"/>
					</lines>
				</class>
				<class name="org.jvnet.hudson.test.ExtractChangeLogParser$ExtractChangeLogEntry" filename="org/jvnet/hudson/test/ExtractChangeLogParser.java" line-rate="0.0" branch-rate="0.0" complexity="1.1875">
					<methods>
						<method name="&lt;init&gt;" signature="()V" line-rate="0.0" branch-rate="1.0">
							<lines>
								<line number="89" hits="0" branch="false"/>
								<line number="90" hits="0" branch="false"/>
							</lines>
						</method>
						<method name="&lt;init&gt;" signature="(Ljava/lang/String;)V" line-rate="0.0" branch-rate="1.0">
							<lines>
								<line number="86" hits="0" branch="false"/>
								<line number="92" hits="0" branch="false"/>
								<line number="93" hits="0" branch="false"/>
								<line number="94" hits="0" branch="false"/>
							</lines>
						</method>
						<method name="addFile" signature="(Lorg/jvnet/hudson/test/ExtractChangeLogParser$FileInZip;)V" line-rate="0.0" branch-rate="1.0">
							<lines>
								<line number="132" hits="0" branch="false"/>
								<line number="133" hits="0" branch="false"/>
							</lines>
						</method>
						<method name="addFiles" signature="(Ljava/util/Collection;)V" line-rate="0.0" branch-rate="1.0">
							<lines>
								<line number="136" hits="0" branch="false"/>
								<line number="137" hits="0" branch="false"/>
							</lines>
						</method>
						<method name="getAffectedPaths" signature="()Ljava/util/Collection;" line-rate="0.0" branch-rate="0.0">
							<lines>
								<line number="112" hits="0" branch="false"/>
								<line number="113" hits="0" branch="true" condition-coverage="0% (0/2)">
									<conditions>
										<condition number="0" type="jump" coverage="0%"/>
									</conditions>
								</line>
								<line number="114" hits="0" branch="false"/>
								<line number="115" hits="0" branch="false"/>
								<line number="116" hits="0" branch="false"/>
							</lines>
						</method>
						<method name="getAuthor" signature="()Lhudson/model/User;" line-rate="0.0" branch-rate="1.0">
							<lines>
								<line number="122" hits="0" branch="false"/>
							</lines>
						</method>
						<method name="getMsg" signature="()Ljava/lang/String;" line-rate="0.0" branch-rate="1.0">
							<lines>
								<line number="128" hits="0" branch="false"/>
							</lines>
						</method>
						<method name="getZipFile" signature="()Ljava/lang/String;" line-rate="0.0" branch-rate="1.0">
							<lines>
								<line number="102" hits="0" branch="false"/>
							</lines>
						</method>
						<method name="setParent" signature="(Lhudson/scm/ChangeLogSet;)V" line-rate="0.0" branch-rate="1.0">
							<lines>
								<line number="107" hits="0" branch="false"/>
								<line number="108" hits="0" branch="false"/>
							</lines>
						</method>
						<method name="setZipFile" signature="(Ljava/lang/String;)V" line-rate="0.0" branch-rate="1.0">
							<lines>
								<line number="97" hits="0" branch="false"/>
								<line number="98" hits="0" branch="false"/>
							</lines>
						</method>
					</methods>
					<lines>
						<line number="86" hits="0" branch="false"/>
						<line number="89" hits="0" branch="false"/>
						<line number="90" hits="0" branch="false"/>
						<line number="92" hits="0" branch="false"/>
						<line number="93" hits="0" branch="false"/>
						<line number="94" hits="0" branch="false"/>
						<line number="97" hits="0" branch="false"/>
						<line number="98" hits="0" branch="false"/>
						<line number="102" hits="0" branch="false"/>
						<line number="107" hits="0" branch="false"/>
						<line number="108" hits="0" branch="false"/>
						<line number="112" hits="0" branch="false"/>
						<line number="113" hits="0" branch="true" condition-coverage="0% (0/2)">
							<conditions>
								<condition number="0" type="jump" coverage="0%"/>
							</conditions>
						</line>
						<line number="114" hits="0" branch="false"/>
						<line number="115" hits="0" branch="false"/>
						<line number="116" hits="0" branch="false"/>
						<line number="122" hits="0" branch="false"/>
						<line number="128" hits="0" branch="false"/>
						<line number="132" hits="0" branch="false"/>
						<line number="133" hits="0" branch="false"/>
						<line number="136" hits="0" branch="false"/>
						<line number="137" hits="0" branch="false"/>
					</lines>
				</class>
				<class name="org.jvnet.hudson.test.ExtractChangeLogParser$FileInZip" filename="org/jvnet/hudson/test/ExtractChangeLogParser.java" line-rate="0.0" branch-rate="1.0" complexity="1.1875">
					<methods>
						<method name="&lt;init&gt;" signature="()V" line-rate="0.0" branch-rate="1.0">
							<lines>
								<line number="144" hits="0" branch="false"/>
								<line number="145" hits="0" branch="false"/>
							</lines>
						</method>
						<method name="&lt;init&gt;" signature="(Ljava/lang/String;)V" line-rate="0.0" branch-rate="1.0">
							<lines>
								<line number="142" hits="0" branch="false"/>
								<line number="147" hits="0" branch="false"/>
								<line number="148" hits="0" branch="false"/>
								<line number="149" hits="0" branch="false"/>
							</lines>
						</method>
						<method name="getFileName" signature="()Ljava/lang/String;" line-rate="0.0" branch-rate="1.0">
							<lines>
								<line number="153" hits="0" branch="false"/>
							</lines>
						</method>
						<method name="setFileName" signature="(Ljava/lang/String;)V" line-rate="0.0" branch-rate="1.0">
							<lines>
								<line number="157" hits="0" branch="false"/>
								<line number="158" hits="0" branch="false"/>
							</lines>
						</method>
					</methods>
					<lines>
						<line number="142" hits="0" branch="false"/>
						<line number="144" hits="0" branch="false"/>
						<line number="145" hits="0" branch="false"/>
						<line number="147" hits="0" branch="false"/>
						<line number="148" hits="0" branch="false"/>
						<line number="149" hits="0" branch="false"/>
						<line number="153" hits="0" branch="false"/>
						<line number="157" hits="0" branch="false"/>
						<line number="158" hits="0" branch="false"/>
					</lines>
				</class>
				<class name="org.jvnet.hudson.test.ExtractChangeLogSet" filename="org/jvnet/hudson/test/ExtractChangeLogSet.java" line-rate="0.0" branch-rate="0.0" complexity="1.3333333333333333">
					<methods>
						<method name="&lt;init&gt;" signature="(Lhudson/model/AbstractBuild;Ljava/util/List;)V" line-rate="0.0" branch-rate="0.0">
							<lines>
								<line number="38" hits="0" branch="false"/>
								<line number="41" hits="0" branch="false"/>
								<line number="42" hits="0" branch="true" condition-coverage="0% (0/2)">
									<conditions>
										<condition number="0" type="jump" coverage="0%"/>
									</conditions>
								</line>
								<line number="43" hits="0" branch="false"/>
								<line number="44" hits="0" branch="false"/>
								<line number="45" hits="0" branch="false"/>
								<line number="46" hits="0" branch="false"/>
							</lines>
						</method>
						<method name="isEmptySet" signature="()Z" line-rate="0.0" branch-rate="1.0">
							<lines>
								<line number="50" hits="0" branch="false"/>
							</lines>
						</method>
						<method name="iterator" signature="()Ljava/util/Iterator;" line-rate="0.0" branch-rate="1.0">
							<lines>
								<line number="54" hits="0" branch="false"/>
							</lines>
						</method>
					</methods>
					<lines>
						<line number="38" hits="0" branch="false"/>
						<line number="41" hits="0" branch="false"/>
						<line number="42" hits="0" branch="true" condition-coverage="0% (0/2)">
							<conditions>
								<condition number="0" type="jump" coverage="0%"/>
							</conditions>
						</line>
						<line number="43" hits="0" branch="false"/>
						<line number="44" hits="0" branch="false"/>
						<line number="45" hits="0" branch="false"/>
						<line number="46" hits="0" branch="false"/>
						<line number="50" hits="0" branch="false"/>
						<line number="54" hits="0" branch="false"/>
					</lines>
				</class>
				<class name="org.jvnet.hudson.test.ExtractResourceSCM" filename="org/jvnet/hudson/test/ExtractResourceSCM.java" line-rate="0.5789473684210527" branch-rate="0.375" complexity="3.0">
					<methods>
						<method name="&lt;init&gt;" signature="(Ljava/net/URL;)V" line-rate="0.8" branch-rate="0.5">
							<lines>
								<line number="52" hits="7" branch="false"/>
								<line number="53" hits="7" branch="true" condition-coverage="50% (1/2)">
									<conditions>
										<condition number="0" type="jump" coverage="50%"/>
									</conditions>
								</line>
								<line number="54" hits="0" branch="false"/>
								<line number="55" hits="7" branch="false"/>
								<line number="56" hits="7" branch="false"/>
							</lines>
						</method>
						<method name="&lt;init&gt;" signature="(Ljava/net/URL;Ljava/lang/String;)V" line-rate="0.0" branch-rate="0.0">
							<lines>
								<line number="64" hits="0" branch="false"/>
								<line number="65" hits="0" branch="true" condition-coverage="0% (0/2)">
									<conditions>
										<condition number="0" type="jump" coverage="0%"/>
									</conditions>
								</line>
								<line number="66" hits="0" branch="false"/>
								<line number="67" hits="0" branch="false"/>
								<line number="68" hits="0" branch="false"/>
								<line number="69" hits="0" branch="false"/>
							</lines>
						</method>
						<method name="checkout" signature="(Lhudson/model/AbstractBuild;Lhudson/Launcher;Lhudson/FilePath;Lhudson/model/BuildListener;Ljava/io/File;)Z" line-rate="0.875" branch-rate="0.5">
							<lines>
								<line number="73" hits="12" branch="true" condition-coverage="50% (1/2)">
									<conditions>
										<condition number="0" type="jump" coverage="50%"/>
									</conditions>
								</line>
								<line number="74" hits="12" branch="false"/>
								<line number="75" hits="12" branch="false"/>
								<line number="77" hits="12" branch="false"/>
								<line number="78" hits="12" branch="false"/>
								<line number="79" hits="12" branch="true" condition-coverage="50% (1/2)">
									<conditions>
										<condition number="0" type="jump" coverage="50%"/>
									</conditions>
								</line>
								<line number="80" hits="0" branch="false"/>
								<line number="82" hits="12" branch="false"/>
							</lines>
						</method>
					</methods>
					<lines>
						<line number="52" hits="7" branch="false"/>
						<line number="53" hits="7" branch="true" condition-coverage="50% (1/2)">
							<conditions>
								<condition number="0" type="jump" coverage="50%"/>
							</conditions>
						</line>
						<line number="54" hits="0" branch="false"/>
						<line number="55" hits="7" branch="false"/>
						<line number="56" hits="7" branch="false"/>
						<line number="64" hits="0" branch="false"/>
						<line number="65" hits="0" branch="true" condition-coverage="0% (0/2)">
							<conditions>
								<condition number="0" type="jump" coverage="0%"/>
							</conditions>
						</line>
						<line number="66" hits="0" branch="false"/>
						<line number="67" hits="0" branch="false"/>
						<line number="68" hits="0" branch="false"/>
						<line number="69" hits="0" branch="false"/>
						<line number="73" hits="12" branch="true" condition-coverage="50% (1/2)">
							<conditions>
								<condition number="0" type="jump" coverage="50%"/>
							</conditions>
						</line>
						<line number="74" hits="12" branch="false"/>
						<line number="75" hits="12" branch="false"/>
						<line number="77" hits="12" branch="false"/>
						<line number="78" hits="12" branch="false"/>
						<line number="79" hits="12" branch="true" condition-coverage="50% (1/2)">
							<conditions>
								<condition number="0" type="jump" coverage="50%"/>
							</conditions>
						</line>
						<line number="80" hits="0" branch="false"/>
						<line number="82" hits="12" branch="false"/>
					</lines>
				</class>
				<class name="org.jvnet.hudson.test.ExtractResourceWithChangesSCM" filename="org/jvnet/hudson/test/ExtractResourceWithChangesSCM.java" line-rate="0.0" branch-rate="0.0" complexity="2.5">
					<methods>
						<method name="&lt;init&gt;" signature="(Ljava/net/URL;Ljava/net/URL;)V" line-rate="0.0" branch-rate="0.0">
							<lines>
								<line number="53" hits="0" branch="false"/>
								<line number="54" hits="0" branch="true" condition-coverage="0% (0/4)">
									<conditions>
										<condition number="0" type="jump" coverage="0%"/>
										<condition number="1" type="jump" coverage="0%"/>
									</conditions>
								</line>
								<line number="55" hits="0" branch="false"/>
								<line number="56" hits="0" branch="false"/>
								<line number="57" hits="0" branch="false"/>
								<line number="58" hits="0" branch="false"/>
								<line number="59" hits="0" branch="false"/>
							</lines>
						</method>
						<method name="&lt;init&gt;" signature="(Ljava/net/URL;Ljava/net/URL;Ljava/lang/String;)V" line-rate="0.0" branch-rate="0.0">
							<lines>
								<line number="61" hits="0" branch="false"/>
								<line number="62" hits="0" branch="true" condition-coverage="0% (0/4)">
									<conditions>
										<condition number="0" type="jump" coverage="0%"/>
										<condition number="1" type="jump" coverage="0%"/>
									</conditions>
								</line>
								<line number="63" hits="0" branch="false"/>
								<line number="64" hits="0" branch="false"/>
								<line number="65" hits="0" branch="false"/>
								<line number="66" hits="0" branch="false"/>
								<line number="67" hits="0" branch="false"/>
							</lines>
						</method>
						<method name="checkout" signature="(Lhudson/model/AbstractBuild;Lhudson/Launcher;Lhudson/FilePath;Lhudson/model/BuildListener;Ljava/io/File;)Z" line-rate="0.0" branch-rate="0.0">
							<lines>
								<line number="79" hits="0" branch="true" condition-coverage="0% (0/2)">
									<conditions>
										<condition number="0" type="jump" coverage="0%"/>
									</conditions>
								</line>
								<line number="80" hits="0" branch="false"/>
								<line number="81" hits="0" branch="false"/>
								<line number="83" hits="0" branch="false"/>
								<line number="84" hits="0" branch="false"/>
								<line number="85" hits="0" branch="false"/>
								<line number="86" hits="0" branch="false"/>
								<line number="89" hits="0" branch="false"/>
								<line number="91" hits="0" branch="false"/>
								<line number="94" hits="0" branch="true" condition-coverage="0% (0/2)">
									<conditions>
										<condition number="0" type="jump" coverage="0%"/>
									</conditions>
								</line>
								<line number="95" hits="0" branch="true" condition-coverage="0% (0/2)">
									<conditions>
										<condition number="0" type="jump" coverage="0%"/>
									</conditions>
								</line>
								<line number="96" hits="0" branch="false"/>
								<line number="100" hits="0" branch="false"/>
								<line number="101" hits="0" branch="false"/>
								<line number="102" hits="0" branch="false"/>
								<line number="104" hits="0" branch="false"/>
							</lines>
						</method>
						<method name="createChangeLogParser" signature="()Lhudson/scm/ChangeLogParser;" line-rate="0.0" branch-rate="1.0">
							<lines>
								<line number="109" hits="0" branch="false"/>
							</lines>
						</method>
						<method name="escapeForXml" signature="(Ljava/lang/String;)Ljava/lang/String;" line-rate="0.0" branch-rate="1.0">
							<lines>
								<line number="113" hits="0" branch="false"/>
							</lines>
						</method>
						<method name="getModuleRoot" signature="(Lhudson/FilePath;)Lhudson/FilePath;" line-rate="0.0" branch-rate="0.0">
							<lines>
								<line number="71" hits="0" branch="true" condition-coverage="0% (0/2)">
									<conditions>
										<condition number="0" type="jump" coverage="0%"/>
									</conditions>
								</line>
								<line number="72" hits="0" branch="false"/>
								<line number="74" hits="0" branch="false"/>
							</lines>
						</method>
						<method name="saveToChangeLog" signature="(Ljava/io/File;Lorg/jvnet/hudson/test/ExtractChangeLogParser$ExtractChangeLogEntry;)V" line-rate="0.0" branch-rate="0.0">
							<lines>
								<line number="117" hits="0" branch="false"/>
								<line number="119" hits="0" branch="false"/>
								<line number="121" hits="0" branch="false"/>
								<line number="122" hits="0" branch="false"/>
								<line number="123" hits="0" branch="false"/>
								<line number="124" hits="0" branch="false"/>
								<line number="126" hits="0" branch="true" condition-coverage="0% (0/2)">
									<conditions>
										<condition number="0" type="jump" coverage="0%"/>
									</conditions>
								</line>
								<line number="127" hits="0" branch="false"/>
								<line number="128" hits="0" branch="false"/>
								<line number="129" hits="0" branch="false"/>
								<line number="130" hits="0" branch="false"/>
								<line number="132" hits="0" branch="false"/>
								<line number="133" hits="0" branch="false"/>
								<line number="135" hits="0" branch="false"/>
								<line number="136" hits="0" branch="false"/>
							</lines>
						</method>
						<method name="writeReplace" signature="()Ljava/lang/Object;" line-rate="0.0" branch-rate="1.0">
							<lines>
								<line number="141" hits="0" branch="false"/>
							</lines>
						</method>
					</methods>
					<lines>
						<line number="53" hits="0" branch="false"/>
						<line number="54" hits="0" branch="true" condition-coverage="0% (0/4)">
							<conditions>
								<condition number="0" type="jump" coverage="0%"/>
								<condition number="1" type="jump" coverage="0%"/>
							</conditions>
						</line>
						<line number="55" hits="0" branch="false"/>
						<line number="56" hits="0" branch="false"/>
						<line number="57" hits="0" branch="false"/>
						<line number="58" hits="0" branch="false"/>
						<line number="59" hits="0" branch="false"/>
						<line number="61" hits="0" branch="false"/>
						<line number="62" hits="0" branch="true" condition-coverage="0% (0/4)">
							<conditions>
								<condition number="0" type="jump" coverage="0%"/>
								<condition number="1" type="jump" coverage="0%"/>
							</conditions>
						</line>
						<line number="63" hits="0" branch="false"/>
						<line number="64" hits="0" branch="false"/>
						<line number="65" hits="0" branch="false"/>
						<line number="66" hits="0" branch="false"/>
						<line number="67" hits="0" branch="false"/>
						<line number="71" hits="0" branch="true" condition-coverage="0% (0/2)">
							<conditions>
								<condition number="0" type="jump" coverage="0%"/>
							</conditions>
						</line>
						<line number="72" hits="0" branch="false"/>
						<line number="74" hits="0" branch="false"/>
						<line number="79" hits="0" branch="true" condition-coverage="0% (0/2)">
							<conditions>
								<condition number="0" type="jump" coverage="0%"/>
							</conditions>
						</line>
						<line number="80" hits="0" branch="false"/>
						<line number="81" hits="0" branch="false"/>
						<line number="83" hits="0" branch="false"/>
						<line number="84" hits="0" branch="false"/>
						<line number="85" hits="0" branch="false"/>
						<line number="86" hits="0" branch="false"/>
						<line number="89" hits="0" branch="false"/>
						<line number="91" hits="0" branch="false"/>
						<line number="94" hits="0" branch="true" condition-coverage="0% (0/2)">
							<conditions>
								<condition number="0" type="jump" coverage="0%"/>
							</conditions>
						</line>
						<line number="95" hits="0" branch="true" condition-coverage="0% (0/2)">
							<conditions>
								<condition number="0" type="jump" coverage="0%"/>
							</conditions>
						</line>
						<line number="96" hits="0" branch="false"/>
						<line number="100" hits="0" branch="false"/>
						<line number="101" hits="0" branch="false"/>
						<line number="102" hits="0" branch="false"/>
						<line number="104" hits="0" branch="false"/>
						<line number="109" hits="0" branch="false"/>
						<line number="113" hits="0" branch="false"/>
						<line number="117" hits="0" branch="false"/>
						<line number="119" hits="0" branch="false"/>
						<line number="121" hits="0" branch="false"/>
						<line number="122" hits="0" branch="false"/>
						<line number="123" hits="0" branch="false"/>
						<line number="124" hits="0" branch="false"/>
						<line number="126" hits="0" branch="true" condition-coverage="0% (0/2)">
							<conditions>
								<condition number="0" type="jump" coverage="0%"/>
							</conditions>
						</line>
						<line number="127" hits="0" branch="false"/>
						<line number="128" hits="0" branch="false"/>
						<line number="129" hits="0" branch="false"/>
						<line number="130" hits="0" branch="false"/>
						<line number="132" hits="0" branch="false"/>
						<line number="133" hits="0" branch="false"/>
						<line number="135" hits="0" branch="false"/>
						<line number="136" hits="0" branch="false"/>
						<line number="141" hits="0" branch="false"/>
					</lines>
				</class>
				<class name="org.jvnet.hudson.test.FailureBuilder" filename="org/jvnet/hudson/test/FailureBuilder.java" line-rate="1.0" branch-rate="1.0" complexity="1.0">
					<methods>
						<method name="&lt;init&gt;" signature="()V" line-rate="1.0" branch-rate="1.0">
							<lines>
								<line number="40" hits="5" branch="false"/>
								<line number="41" hits="5" branch="false"/>
							</lines>
						</method>
					</methods>
					<lines>
						<line number="40" hits="5" branch="false"/>
						<line number="41" hits="5" branch="false"/>
					</lines>
				</class>
				<class name="org.jvnet.hudson.test.FailureBuilder$DescriptorImpl" filename="org/jvnet/hudson/test/FailureBuilder.java" line-rate="0.5" branch-rate="1.0" complexity="1.0">
					<methods>
						<method name="&lt;init&gt;" signature="()V" line-rate="1.0" branch-rate="1.0">
							<lines>
								<line number="44" hits="668" branch="false"/>
							</lines>
						</method>
						<method name="getDisplayName" signature="()Ljava/lang/String;" line-rate="1.0" branch-rate="1.0">
							<lines>
								<line number="46" hits="9360" branch="false"/>
							</lines>
						</method>
						<method name="newInstance" signature="(Lorg/kohsuke/stapler/StaplerRequest;Lnet/sf/json/JSONObject;)Lhudson/model/Describable;" line-rate="0.0" branch-rate="1.0">
							<lines>
								<line number="43" hits="0" branch="false"/>
							</lines>
						</method>
						<method name="newInstance" signature="(Lorg/kohsuke/stapler/StaplerRequest;Lnet/sf/json/JSONObject;)Lorg/jvnet/hudson/test/FailureBuilder;" line-rate="0.0" branch-rate="1.0">
							<lines>
								<line number="49" hits="0" branch="false"/>
							</lines>
						</method>
					</methods>
					<lines>
						<line number="43" hits="0" branch="false"/>
						<line number="44" hits="668" branch="false"/>
						<line number="46" hits="9360" branch="false"/>
						<line number="49" hits="0" branch="false"/>
					</lines>
				</class>
				<class name="org.jvnet.hudson.test.FakeChangeLogSCM" filename="org/jvnet/hudson/test/FakeChangeLogSCM.java" line-rate="1.0" branch-rate="1.0" complexity="1.0">
					<methods>
						<method name="&lt;init&gt;" signature="()V" line-rate="1.0" branch-rate="1.0">
							<lines>
								<line number="58" hits="3" branch="false"/>
								<line number="121" hits="3" branch="false"/>
							</lines>
						</method>
						<method name="addChange" signature="()Lorg/jvnet/hudson/test/FakeChangeLogSCM$EntryImpl;" line-rate="1.0" branch-rate="1.0">
							<lines>
								<line number="61" hits="9" branch="false"/>
								<line number="62" hits="9" branch="false"/>
								<line number="63" hits="9" branch="false"/>
							</lines>
						</method>
						<method name="checkout" signature="(Lhudson/model/AbstractBuild;Lhudson/Launcher;Lhudson/FilePath;Lhudson/model/BuildListener;Ljava/io/File;)Z" line-rate="1.0" branch-rate="1.0">
							<lines>
								<line number="68" hits="10" branch="false"/>
								<line number="69" hits="10" branch="false"/>
								<line number="70" hits="10" branch="false"/>
								<line number="71" hits="10" branch="false"/>
							</lines>
						</method>
						<method name="createChangeLogParser" signature="()Lhudson/scm/ChangeLogParser;" line-rate="1.0" branch-rate="1.0">
							<lines>
								<line number="76" hits="10" branch="false"/>
							</lines>
						</method>
						<method name="getDescriptor" signature="()Lhudson/model/Descriptor;" line-rate="1.0" branch-rate="1.0">
							<lines>
								<line number="53" hits="3" branch="false"/>
							</lines>
						</method>
						<method name="getDescriptor" signature="()Lhudson/scm/SCMDescriptor;" line-rate="1.0" branch-rate="1.0">
							<lines>
								<line number="80" hits="10" branch="false"/>
							</lines>
						</method>
					</methods>
					<lines>
						<line number="53" hits="3" branch="false"/>
						<line number="58" hits="3" branch="false"/>
						<line number="61" hits="9" branch="false"/>
						<line number="62" hits="9" branch="false"/>
						<line number="63" hits="9" branch="false"/>
						<line number="68" hits="10" branch="false"/>
						<line number="69" hits="10" branch="false"/>
						<line number="70" hits="10" branch="false"/>
						<line number="71" hits="10" branch="false"/>
						<line number="76" hits="10" branch="false"/>
						<line number="80" hits="10" branch="false"/>
						<line number="121" hits="3" branch="false"/>
					</lines>
				</class>
				<class name="org.jvnet.hudson.test.FakeChangeLogSCM$1" filename="org/jvnet/hudson/test/FakeChangeLogSCM.java" line-rate="0.5" branch-rate="1.0" complexity="1.0">
					<methods>
						<method name="&lt;init&gt;" signature="(Lorg/jvnet/hudson/test/FakeChangeLogSCM;Ljava/lang/Class;)V" line-rate="1.0" branch-rate="1.0">
							<lines>
								<line number="80" hits="10" branch="false"/>
							</lines>
						</method>
						<method name="getDisplayName" signature="()Ljava/lang/String;" line-rate="0.0" branch-rate="1.0">
							<lines>
								<line number="82" hits="0" branch="false"/>
							</lines>
						</method>
					</methods>
					<lines>
						<line number="80" hits="10" branch="false"/>
						<line number="82" hits="0" branch="false"/>
					</lines>
				</class>
				<class name="org.jvnet.hudson.test.FakeChangeLogSCM$ChangelogAction" filename="org/jvnet/hudson/test/FakeChangeLogSCM.java" line-rate="1.0" branch-rate="1.0" complexity="1.0">
					<methods>
						<method name="&lt;init&gt;" signature="(Ljava/util/List;)V" line-rate="1.0" branch-rate="1.0">
							<lines>
								<line number="90" hits="10" branch="false"/>
								<line number="91" hits="10" branch="false"/>
								<line number="92" hits="10" branch="false"/>
							</lines>
						</method>
						<method name="access$000" signature="(Lorg/jvnet/hudson/test/FakeChangeLogSCM$ChangelogAction;)Ljava/util/List;" line-rate="1.0" branch-rate="1.0">
							<lines>
								<line number="87" hits="10" branch="false"/>
							</lines>
						</method>
					</methods>
					<lines>
						<line number="87" hits="10" branch="false"/>
						<line number="90" hits="10" branch="false"/>
						<line number="91" hits="10" branch="false"/>
						<line number="92" hits="10" branch="false"/>
					</lines>
				</class>
				<class name="org.jvnet.hudson.test.FakeChangeLogSCM$EntryImpl" filename="org/jvnet/hudson/test/FakeChangeLogSCM.java" line-rate="0.7" branch-rate="1.0" complexity="1.0">
					<methods>
						<method name="&lt;init&gt;" signature="()V" line-rate="1.0" branch-rate="1.0">
							<lines>
								<line number="121" hits="11" branch="false"/>
								<line number="122" hits="11" branch="false"/>
								<line number="123" hits="11" branch="false"/>
							</lines>
						</method>
						<method name="getAffectedPaths" signature="()Ljava/util/Collection;" line-rate="0.0" branch-rate="1.0">
							<lines>
								<line number="147" hits="0" branch="false"/>
							</lines>
						</method>
						<method name="getAuthor" signature="()Lhudson/model/User;" line-rate="1.0" branch-rate="1.0">
							<lines>
								<line number="142" hits="16" branch="false"/>
							</lines>
						</method>
						<method name="getMsg" signature="()Ljava/lang/String;" line-rate="1.0" branch-rate="1.0">
							<lines>
								<line number="137" hits="5" branch="false"/>
							</lines>
						</method>
						<method name="withAuthor" signature="(Ljava/lang/String;)Lorg/jvnet/hudson/test/FakeChangeLogSCM$EntryImpl;" line-rate="1.0" branch-rate="1.0">
							<lines>
								<line number="126" hits="9" branch="false"/>
								<line number="127" hits="9" branch="false"/>
							</lines>
						</method>
						<method name="withMsg" signature="(Ljava/lang/String;)Lorg/jvnet/hudson/test/FakeChangeLogSCM$EntryImpl;" line-rate="0.0" branch-rate="1.0">
							<lines>
								<line number="131" hits="0" branch="false"/>
								<line number="132" hits="0" branch="false"/>
							</lines>
						</method>
					</methods>
					<lines>
						<line number="121" hits="11" branch="false"/>
						<line number="122" hits="11" branch="false"/>
						<line number="123" hits="11" branch="false"/>
						<line number="126" hits="9" branch="false"/>
						<line number="127" hits="9" branch="false"/>
						<line number="131" hits="0" branch="false"/>
						<line number="132" hits="0" branch="false"/>
						<line number="137" hits="5" branch="false"/>
						<line number="142" hits="16" branch="false"/>
						<line number="147" hits="0" branch="false"/>
					</lines>
				</class>
				<class name="org.jvnet.hudson.test.FakeChangeLogSCM$FakeChangeLogParser" filename="org/jvnet/hudson/test/FakeChangeLogSCM.java" line-rate="1.0" branch-rate="1.0" complexity="1.0">
					<methods>
						<method name="&lt;init&gt;" signature="()V" line-rate="1.0" branch-rate="1.0">
							<lines>
							</lines>
						</method>
						<method name="parse" signature="(Lhudson/model/AbstractBuild;Ljava/io/File;)Lhudson/scm/ChangeLogSet;" line-rate="1.0" branch-rate="1.0">
							<lines>
								<line number="95" hits="20" branch="false"/>
							</lines>
						</method>
						<method name="parse" signature="(Lhudson/model/AbstractBuild;Ljava/io/File;)Lorg/jvnet/hudson/test/FakeChangeLogSCM$FakeChangeLogSet;" line-rate="1.0" branch-rate="1.0">
							<lines>
								<line number="99" hits="10" branch="false"/>
							</lines>
						</method>
					</methods>
					<lines>
						<line number="95" hits="20" branch="false"/>
						<line number="99" hits="10" branch="false"/>
					</lines>
				</class>
				<class name="org.jvnet.hudson.test.FakeChangeLogSCM$FakeChangeLogSet" filename="org/jvnet/hudson/test/FakeChangeLogSCM.java" line-rate="0.8" branch-rate="1.0" complexity="1.0">
					<methods>
						<method name="&lt;init&gt;" signature="(Lhudson/model/AbstractBuild;Ljava/util/List;)V" line-rate="1.0" branch-rate="1.0">
							<lines>
								<line number="107" hits="10" branch="false"/>
								<line number="108" hits="10" branch="false"/>
								<line number="109" hits="10" branch="false"/>
							</lines>
						</method>
						<method name="isEmptySet" signature="()Z" line-rate="0.0" branch-rate="1.0">
							<lines>
								<line number="113" hits="0" branch="false"/>
							</lines>
						</method>
						<method name="iterator" signature="()Ljava/util/Iterator;" line-rate="1.0" branch-rate="1.0">
							<lines>
								<line number="117" hits="18" branch="false"/>
							</lines>
						</method>
					</methods>
					<lines>
						<line number="107" hits="10" branch="false"/>
						<line number="108" hits="10" branch="false"/>
						<line number="109" hits="10" branch="false"/>
						<line number="113" hits="0" branch="false"/>
						<line number="117" hits="18" branch="false"/>
					</lines>
				</class>
				<class name="org.jvnet.hudson.test.FakeLauncher" filename="org/jvnet/hudson/test/FakeLauncher.java" line-rate="1.0" branch-rate="1.0" complexity="1.5">
					<methods>
					</methods>
					<lines>
					</lines>
				</class>
				<class name="org.jvnet.hudson.test.FakeLauncher$FinishedProc" filename="org/jvnet/hudson/test/FakeLauncher.java" line-rate="0.4444444444444444" branch-rate="1.0" complexity="1.5">
					<methods>
						<method name="&lt;init&gt;" signature="(I)V" line-rate="1.0" branch-rate="1.0">
							<lines>
								<line number="33" hits="1" branch="false"/>
								<line number="34" hits="1" branch="false"/>
								<line number="35" hits="1" branch="false"/>
							</lines>
						</method>
						<method name="getStderr" signature="()Ljava/io/InputStream;" line-rate="0.0" branch-rate="1.0">
							<lines>
								<line number="61" hits="0" branch="false"/>
							</lines>
						</method>
						<method name="getStdin" signature="()Ljava/io/OutputStream;" line-rate="0.0" branch-rate="1.0">
							<lines>
								<line number="67" hits="0" branch="false"/>
							</lines>
						</method>
						<method name="getStdout" signature="()Ljava/io/InputStream;" line-rate="0.0" branch-rate="1.0">
							<lines>
								<line number="55" hits="0" branch="false"/>
							</lines>
						</method>
						<method name="isAlive" signature="()Z" line-rate="0.0" branch-rate="1.0">
							<lines>
								<line number="39" hits="0" branch="false"/>
							</lines>
						</method>
						<method name="join" signature="()I" line-rate="1.0" branch-rate="1.0">
							<lines>
								<line number="49" hits="1" branch="false"/>
							</lines>
						</method>
						<method name="kill" signature="()V" line-rate="0.0" branch-rate="1.0">
							<lines>
								<line number="44" hits="0" branch="false"/>
							</lines>
						</method>
					</methods>
					<lines>
						<line number="33" hits="1" branch="false"/>
						<line number="34" hits="1" branch="false"/>
						<line number="35" hits="1" branch="false"/>
						<line number="39" hits="0" branch="false"/>
						<line number="44" hits="0" branch="false"/>
						<line number="49" hits="1" branch="false"/>
						<line number="55" hits="0" branch="false"/>
						<line number="61" hits="0" branch="false"/>
						<line number="67" hits="0" branch="false"/>
					</lines>
				</class>
				<class name="org.jvnet.hudson.test.GroovyHudsonTestCase" filename="org/jvnet/hudson/test/GroovyHudsonTestCase.java" line-rate="0.3333333333333333" branch-rate="1.0" complexity="1.5">
					<methods>
						<method name="&lt;init&gt;" signature="()V" line-rate="1.0" branch-rate="1.0">
							<lines>
								<line number="21" hits="4" branch="false"/>
							</lines>
						</method>
						<method name="builder" signature="(Lgroovy/lang/Closure;)Lhudson/tasks/Builder;" line-rate="0.0" branch-rate="1.0">
							<lines>
								<line number="41" hits="0" branch="false"/>
							</lines>
						</method>
						<method name="executeOnServer" signature="(Lgroovy/lang/Closure;)Ljava/lang/Object;" line-rate="0.0" branch-rate="1.0">
							<lines>
								<line number="30" hits="0" branch="false"/>
							</lines>
						</method>
					</methods>
					<lines>
						<line number="21" hits="4" branch="false"/>
						<line number="30" hits="0" branch="false"/>
						<line number="41" hits="0" branch="false"/>
					</lines>
				</class>
				<class name="org.jvnet.hudson.test.GroovyHudsonTestCase$1" filename="org/jvnet/hudson/test/GroovyHudsonTestCase.java" line-rate="0.0" branch-rate="1.0" complexity="1.5">
					<methods>
						<method name="&lt;init&gt;" signature="(Lorg/jvnet/hudson/test/GroovyHudsonTestCase;Lgroovy/lang/Closure;)V" line-rate="0.0" branch-rate="1.0">
							<lines>
								<line number="30" hits="0" branch="false"/>
							</lines>
						</method>
						<method name="call" signature="()Ljava/lang/Object;" line-rate="0.0" branch-rate="1.0">
							<lines>
								<line number="32" hits="0" branch="false"/>
							</lines>
						</method>
					</methods>
					<lines>
						<line number="30" hits="0" branch="false"/>
						<line number="32" hits="0" branch="false"/>
					</lines>
				</class>
				<class name="org.jvnet.hudson.test.GroovyHudsonTestCase$2" filename="org/jvnet/hudson/test/GroovyHudsonTestCase.java" line-rate="0.0" branch-rate="0.0" complexity="1.5">
					<methods>
						<method name="&lt;init&gt;" signature="(Lorg/jvnet/hudson/test/GroovyHudsonTestCase;Lgroovy/lang/Closure;)V" line-rate="0.0" branch-rate="1.0">
							<lines>
								<line number="41" hits="0" branch="false"/>
							</lines>
						</method>
						<method name="perform" signature="(Lhudson/model/AbstractBuild;Lhudson/Launcher;Lhudson/model/BuildListener;)Z" line-rate="0.0" branch-rate="0.0">
							<lines>
								<line number="43" hits="0" branch="false"/>
								<line number="44" hits="0" branch="true" condition-coverage="0% (0/2)">
									<conditions>
										<condition number="0" type="jump" coverage="0%"/>
									</conditions>
								</line>
								<line number="45" hits="0" branch="false"/>
							</lines>
						</method>
					</methods>
					<lines>
						<line number="41" hits="0" branch="false"/>
						<line number="43" hits="0" branch="false"/>
						<line number="44" hits="0" branch="true" condition-coverage="0% (0/2)">
							<conditions>
								<condition number="0" type="jump" coverage="0%"/>
							</conditions>
						</line>
						<line number="45" hits="0" branch="false"/>
					</lines>
				</class>
				<class name="org.jvnet.hudson.test.GroovyJenkinsRule" filename="org/jvnet/hudson/test/GroovyJenkinsRule.java" line-rate="0.6666666666666666" branch-rate="1.0" complexity="1.5">
					<methods>
						<method name="&lt;init&gt;" signature="()V" line-rate="1.0" branch-rate="1.0">
							<lines>
								<line number="41" hits="4" branch="false"/>
							</lines>
						</method>
						<method name="builder" signature="(Lgroovy/lang/Closure;)Lhudson/tasks/Builder;" line-rate="1.0" branch-rate="1.0">
							<lines>
								<line number="62" hits="1" branch="false"/>
							</lines>
						</method>
						<method name="executeOnServer" signature="(Lgroovy/lang/Closure;)Ljava/lang/Object;" line-rate="0.0" branch-rate="1.0">
							<lines>
								<line number="51" hits="0" branch="false"/>
							</lines>
						</method>
					</methods>
					<lines>
						<line number="41" hits="4" branch="false"/>
						<line number="51" hits="0" branch="false"/>
						<line number="62" hits="1" branch="false"/>
					</lines>
				</class>
				<class name="org.jvnet.hudson.test.GroovyJenkinsRule$1" filename="org/jvnet/hudson/test/GroovyJenkinsRule.java" line-rate="0.0" branch-rate="1.0" complexity="1.5">
					<methods>
						<method name="&lt;init&gt;" signature="(Lorg/jvnet/hudson/test/GroovyJenkinsRule;Lgroovy/lang/Closure;)V" line-rate="0.0" branch-rate="1.0">
							<lines>
								<line number="51" hits="0" branch="false"/>
							</lines>
						</method>
						<method name="call" signature="()Ljava/lang/Object;" line-rate="0.0" branch-rate="1.0">
							<lines>
								<line number="53" hits="0" branch="false"/>
							</lines>
						</method>
					</methods>
					<lines>
						<line number="51" hits="0" branch="false"/>
						<line number="53" hits="0" branch="false"/>
					</lines>
				</class>
				<class name="org.jvnet.hudson.test.GroovyJenkinsRule$2" filename="org/jvnet/hudson/test/GroovyJenkinsRule.java" line-rate="0.8" branch-rate="0.5" complexity="1.5">
					<methods>
						<method name="&lt;init&gt;" signature="(Lorg/jvnet/hudson/test/GroovyJenkinsRule;Lgroovy/lang/Closure;)V" line-rate="1.0" branch-rate="1.0">
							<lines>
								<line number="62" hits="1" branch="false"/>
							</lines>
						</method>
[...]
							<lines>
								<line number="83" hits="6" branch="false"/>
								<line number="84" hits="6" branch="false"/>
								<line number="85" hits="6" branch="false"/>
							</lines>
						</method>
					</methods>
					<lines>
						<line number="78" hits="12" branch="false"/>
						<line number="83" hits="6" branch="false"/>
						<line number="84" hits="6" branch="false"/>
						<line number="85" hits="6" branch="false"/>
						<line number="89" hits="6" branch="false"/>
						<line number="90" hits="6" branch="false"/>
						<line number="91" hits="6" branch="false"/>
					</lines>
				</class>
				<class name="org.jvnet.hudson.test.recipes.WithPlugin$RunnerImpl" filename="org/jvnet/hudson/test/recipes/WithPlugin.java" line-rate="1.0" branch-rate="1.0" complexity="1.0">
					<methods>
						<method name="&lt;init&gt;" signature="()V" line-rate="1.0" branch-rate="1.0">
							<lines>
							</lines>
						</method>
						<method name="decorateHome" signature="(Lorg/jvnet/hudson/test/HudsonTestCase;Ljava/io/File;)V" line-rate="1.0" branch-rate="1.0">
							<lines>
								<line number="73" hits="1" branch="false"/>
								<line number="74" hits="1" branch="false"/>
								<line number="75" hits="1" branch="false"/>
							</lines>
						</method>
						<method name="setup" signature="(Lorg/jvnet/hudson/test/HudsonTestCase;Ljava/lang/annotation/Annotation;)V" line-rate="1.0" branch-rate="1.0">
							<lines>
								<line number="62" hits="2" branch="false"/>
							</lines>
						</method>
						<method name="setup" signature="(Lorg/jvnet/hudson/test/HudsonTestCase;Lorg/jvnet/hudson/test/recipes/WithPlugin;)V" line-rate="1.0" branch-rate="1.0">
							<lines>
								<line number="67" hits="1" branch="false"/>
								<line number="68" hits="1" branch="false"/>
								<line number="69" hits="1" branch="false"/>
							</lines>
						</method>
					</methods>
					<lines>
						<line number="62" hits="2" branch="false"/>
						<line number="67" hits="1" branch="false"/>
						<line number="68" hits="1" branch="false"/>
						<line number="69" hits="1" branch="false"/>
						<line number="73" hits="1" branch="false"/>
						<line number="74" hits="1" branch="false"/>
						<line number="75" hits="1" branch="false"/>
					</lines>
				</class>
				<class name="org.jvnet.hudson.test.recipes.WithPluginManager" filename="org/jvnet/hudson/test/recipes/WithPluginManager.java" line-rate="1.0" branch-rate="1.0" complexity="1.75">
					<methods>
					</methods>
					<lines>
					</lines>
				</class>
				<class name="org.jvnet.hudson.test.recipes.WithPluginManager$RuleRunnerImpl" filename="org/jvnet/hudson/test/recipes/WithPluginManager.java" line-rate="1.0" branch-rate="1.0" complexity="1.75">
					<methods>
						<method name="&lt;init&gt;" signature="()V" line-rate="1.0" branch-rate="1.0">
							<lines>
							</lines>
						</method>
						<method name="decorateHome" signature="(Lorg/jvnet/hudson/test/JenkinsRule;Ljava/io/File;)V" line-rate="1.0" branch-rate="1.0">
							<lines>
								<line number="93" hits="2" branch="false"/>
								<line number="94" hits="2" branch="false"/>
								<line number="95" hits="2" branch="false"/>
								<line number="96" hits="2" branch="false"/>
							</lines>
						</method>
						<method name="setup" signature="(Lorg/jvnet/hudson/test/JenkinsRule;Ljava/lang/annotation/Annotation;)V" line-rate="1.0" branch-rate="1.0">
							<lines>
								<line number="84" hits="4" branch="false"/>
							</lines>
						</method>
						<method name="setup" signature="(Lorg/jvnet/hudson/test/JenkinsRule;Lorg/jvnet/hudson/test/recipes/WithPluginManager;)V" line-rate="1.0" branch-rate="1.0">
							<lines>
								<line number="88" hits="2" branch="false"/>
								<line number="89" hits="2" branch="false"/>
							</lines>
						</method>
					</methods>
					<lines>
						<line number="84" hits="4" branch="false"/>
						<line number="88" hits="2" branch="false"/>
						<line number="89" hits="2" branch="false"/>
						<line number="93" hits="2" branch="false"/>
						<line number="94" hits="2" branch="false"/>
						<line number="95" hits="2" branch="false"/>
						<line number="96" hits="2" branch="false"/>
					</lines>
				</class>
				<class name="org.jvnet.hudson.test.recipes.WithPluginManager$RunnerImpl" filename="org/jvnet/hudson/test/recipes/WithPluginManager.java" line-rate="0.0" branch-rate="0.0" complexity="1.75">
					<methods>
						<method name="&lt;init&gt;" signature="()V" line-rate="1.0" branch-rate="1.0">
							<lines>
							</lines>
						</method>
						<method name="decorateHome" signature="(Lorg/jvnet/hudson/test/HudsonTestCase;Ljava/io/File;)V" line-rate="0.0" branch-rate="0.0">
							<lines>
								<line number="62" hits="0" branch="false"/>
								<line number="63" hits="0" branch="false"/>
								<line number="66" hits="0" branch="false"/>
								<line number="67" hits="0" branch="false"/>
								<line number="68" hits="0" branch="true" condition-coverage="0% (0/2)">
									<conditions>
										<condition number="0" type="jump" coverage="0%"/>
									</conditions>
								</line>
								<line number="69" hits="0" branch="false"/>
								<line number="70" hits="0" branch="true" condition-coverage="0% (0/2)">
									<conditions>
										<condition number="0" type="jump" coverage="0%"/>
									</conditions>
								</line>
								<line number="71" hits="0" branch="false"/>
								<line number="72" hits="0" branch="false"/>
								<line number="74" hits="0" branch="true" condition-coverage="0% (0/2)">
									<conditions>
										<condition number="0" type="jump" coverage="0%"/>
									</conditions>
								</line>
								<line number="75" hits="0" branch="false"/>
								<line number="76" hits="0" branch="false"/>
								<line number="80" hits="0" branch="false"/>
								<line number="81" hits="0" branch="false"/>
							</lines>
						</method>
						<method name="setup" signature="(Lorg/jvnet/hudson/test/HudsonTestCase;Ljava/lang/annotation/Annotation;)V" line-rate="0.0" branch-rate="1.0">
							<lines>
								<line number="53" hits="0" branch="false"/>
							</lines>
						</method>
						<method name="setup" signature="(Lorg/jvnet/hudson/test/HudsonTestCase;Lorg/jvnet/hudson/test/recipes/WithPluginManager;)V" line-rate="0.0" branch-rate="1.0">
							<lines>
								<line number="57" hits="0" branch="false"/>
								<line number="58" hits="0" branch="false"/>
							</lines>
						</method>
					</methods>
					<lines>
						<line number="53" hits="0" branch="false"/>
						<line number="57" hits="0" branch="false"/>
						<line number="58" hits="0" branch="false"/>
						<line number="62" hits="0" branch="false"/>
						<line number="63" hits="0" branch="false"/>
						<line number="66" hits="0" branch="false"/>
						<line number="67" hits="0" branch="false"/>
						<line number="68" hits="0" branch="true" condition-coverage="0% (0/2)">
							<conditions>
								<condition number="0" type="jump" coverage="0%"/>
							</conditions>
						</line>
						<line number="69" hits="0" branch="false"/>
						<line number="70" hits="0" branch="true" condition-coverage="0% (0/2)">
							<conditions>
								<condition number="0" type="jump" coverage="0%"/>
							</conditions>
						</line>
						<line number="71" hits="0" branch="false"/>
						<line number="72" hits="0" branch="false"/>
						<line number="74" hits="0" branch="true" condition-coverage="0% (0/2)">
							<conditions>
								<condition number="0" type="jump" coverage="0%"/>
							</conditions>
						</line>
						<line number="75" hits="0" branch="false"/>
						<line number="76" hits="0" branch="false"/>
						<line number="80" hits="0" branch="false"/>
						<line number="81" hits="0" branch="false"/>
					</lines>
				</class>
				<class name="org.jvnet.hudson.test.recipes.WithTimeout" filename="org/jvnet/hudson/test/recipes/WithTimeout.java" line-rate="1.0" branch-rate="1.0" complexity="1.0">
					<methods>
					</methods>
					<lines>
					</lines>
				</class>
				<class name="org.jvnet.hudson.test.recipes.WithTimeout$RuleRunnerImpl" filename="org/jvnet/hudson/test/recipes/WithTimeout.java" line-rate="0.0" branch-rate="1.0" complexity="1.0">
					<methods>
						<method name="&lt;init&gt;" signature="()V" line-rate="1.0" branch-rate="1.0">
							<lines>
							</lines>
						</method>
						<method name="setup" signature="(Lorg/jvnet/hudson/test/JenkinsRule;Ljava/lang/annotation/Annotation;)V" line-rate="0.0" branch-rate="1.0">
							<lines>
								<line number="69" hits="0" branch="false"/>
							</lines>
						</method>
						<method name="setup" signature="(Lorg/jvnet/hudson/test/JenkinsRule;Lorg/jvnet/hudson/test/recipes/WithTimeout;)V" line-rate="0.0" branch-rate="1.0">
							<lines>
								<line number="72" hits="0" branch="false"/>
								<line number="73" hits="0" branch="false"/>
							</lines>
						</method>
					</methods>
					<lines>
						<line number="69" hits="0" branch="false"/>
						<line number="72" hits="0" branch="false"/>
						<line number="73" hits="0" branch="false"/>
					</lines>
				</class>
				<class name="org.jvnet.hudson.test.recipes.WithTimeout$RunnerImpl" filename="org/jvnet/hudson/test/recipes/WithTimeout.java" line-rate="0.0" branch-rate="1.0" complexity="1.0">
					<methods>
						<method name="&lt;init&gt;" signature="()V" line-rate="1.0" branch-rate="1.0">
							<lines>
							</lines>
						</method>
						<method name="setup" signature="(Lorg/jvnet/hudson/test/HudsonTestCase;Ljava/lang/annotation/Annotation;)V" line-rate="0.0" branch-rate="1.0">
							<lines>
								<line number="62" hits="0" branch="false"/>
							</lines>
						</method>
						<method name="setup" signature="(Lorg/jvnet/hudson/test/HudsonTestCase;Lorg/jvnet/hudson/test/recipes/WithTimeout;)V" line-rate="0.0" branch-rate="1.0">
							<lines>
								<line number="65" hits="0" branch="false"/>
								<line number="66" hits="0" branch="false"/>
							</lines>
						</method>
					</methods>
					<lines>
						<line number="62" hits="0" branch="false"/>
						<line number="65" hits="0" branch="false"/>
						<line number="66" hits="0" branch="false"/>
					</lines>
				</class>
			</classes>
		</package>
		<package name="org.jvnet.hudson.test.rhino" line-rate="0.041666666666666664" branch-rate="0.0" complexity="1.3076923076923077">
			<classes>
				<class name="org.jvnet.hudson.test.rhino.CallStackFrame" filename="org/jvnet/hudson/test/rhino/CallStackFrame.java" line-rate="0.0" branch-rate="0.0" complexity="1.375">
					<methods>
						<method name="&lt;init&gt;" signature="(Lorg/jvnet/hudson/test/rhino/JavaScriptDebugger;Lnet/sourceforge/htmlunit/corejs/javascript/debug/DebuggableScript;)V" line-rate="0.0" branch-rate="1.0">
							<lines>
								<line number="54" hits="0" branch="false"/>
								<line number="55" hits="0" branch="false"/>
								<line number="56" hits="0" branch="false"/>
								<line number="57" hits="0" branch="false"/>
							</lines>
						</method>
						<method name="getVariables" signature="()Ljava/util/SortedMap;" line-rate="0.0" branch-rate="0.0">
							<lines>
								<line number="89" hits="0" branch="false"/>
								<line number="90" hits="0" branch="true" condition-coverage="0% (0/2)">
									<conditions>
										<condition number="0" type="jump" coverage="0%"/>
									</conditions>
								</line>
								<line number="91" hits="0" branch="false"/>
								<line number="92" hits="0" branch="false"/>
								<line number="94" hits="0" branch="false"/>
							</lines>
						</method>
						<method name="onDebuggerStatement" signature="(Lnet/sourceforge/htmlunit/corejs/javascript/Context;)V" line-rate="0.0" branch-rate="1.0">
							<lines>
								<line number="83" hits="0" branch="false"/>
							</lines>
						</method>
						<method name="onEnter" signature="(Lnet/sourceforge/htmlunit/corejs/javascript/Context;Lnet/sourceforge/htmlunit/corejs/javascript/Scriptable;Lnet/sourceforge/htmlunit/corejs/javascript/Scriptable;[Ljava/lang/Object;)V" line-rate="0.0" branch-rate="1.0">
							<lines>
								<line number="60" hits="0" branch="false"/>
								<line number="61" hits="0" branch="false"/>
								<line number="62" hits="0" branch="false"/>
								<line number="63" hits="0" branch="false"/>
								<line number="64" hits="0" branch="false"/>
							</lines>
						</method>
						<method name="onExceptionThrown" signature="(Lnet/sourceforge/htmlunit/corejs/javascript/Context;Ljava/lang/Throwable;)V" line-rate="0.0" branch-rate="1.0">
							<lines>
								<line number="80" hits="0" branch="false"/>
							</lines>
						</method>
						<method name="onExit" signature="(Lnet/sourceforge/htmlunit/corejs/javascript/Context;ZLjava/lang/Object;)V" line-rate="0.0" branch-rate="1.0">
							<lines>
								<line number="67" hits="0" branch="false"/>
								<line number="69" hits="0" branch="false"/>
								<line number="70" hits="0" branch="false"/>
								<line number="71" hits="0" branch="false"/>
								<line number="72" hits="0" branch="false"/>
								<line number="73" hits="0" branch="false"/>
							</lines>
						</method>
						<method name="onLineChange" signature="(Lnet/sourceforge/htmlunit/corejs/javascript/Context;I)V" line-rate="0.0" branch-rate="1.0">
							<lines>
								<line number="76" hits="0" branch="false"/>
								<line number="77" hits="0" branch="false"/>
							</lines>
						</method>
						<method name="toString" signature="()Ljava/lang/String;" line-rate="0.0" branch-rate="0.0">
							<lines>
								<line number="101" hits="0" branch="false"/>
								<line number="102" hits="0" branch="false"/>
								<line number="103" hits="0" branch="false"/>
								<line number="104" hits="0" branch="true" condition-coverage="0% (0/2)">
									<conditions>
										<condition number="0" type="jump" coverage="0%"/>
									</conditions>
								</line>
								<line number="105" hits="0" branch="true" condition-coverage="0% (0/2)">
									<conditions>
										<condition number="0" type="jump" coverage="0%"/>
									</conditions>
								</line>
								<line number="106" hits="0" branch="false"/>
								<line number="108" hits="0" branch="false"/>
								<line number="109" hits="0" branch="false"/>
								<line number="111" hits="0" branch="false"/>
								<line number="113" hits="0" branch="false"/>
							</lines>
						</method>
					</methods>
					<lines>
						<line number="54" hits="0" branch="false"/>
						<line number="55" hits="0" branch="false"/>
						<line number="56" hits="0" branch="false"/>
						<line number="57" hits="0" branch="false"/>
						<line number="60" hits="0" branch="false"/>
						<line number="61" hits="0" branch="false"/>
						<line number="62" hits="0" branch="false"/>
						<line number="63" hits="0" branch="false"/>
						<line number="64" hits="0" branch="false"/>
						<line number="67" hits="0" branch="false"/>
						<line number="69" hits="0" branch="false"/>
						<line number="70" hits="0" branch="false"/>
						<line number="71" hits="0" branch="false"/>
						<line number="72" hits="0" branch="false"/>
						<line number="73" hits="0" branch="false"/>
						<line number="76" hits="0" branch="false"/>
						<line number="77" hits="0" branch="false"/>
						<line number="80" hits="0" branch="false"/>
						<line number="83" hits="0" branch="false"/>
						<line number="89" hits="0" branch="false"/>
						<line number="90" hits="0" branch="true" condition-coverage="0% (0/2)">
							<conditions>
								<condition number="0" type="jump" coverage="0%"/>
							</conditions>
						</line>
						<line number="91" hits="0" branch="false"/>
						<line number="92" hits="0" branch="false"/>
						<line number="94" hits="0" branch="false"/>
						<line number="101" hits="0" branch="false"/>
						<line number="102" hits="0" branch="false"/>
						<line number="103" hits="0" branch="false"/>
						<line number="104" hits="0" branch="true" condition-coverage="0% (0/2)">
							<conditions>
								<condition number="0" type="jump" coverage="0%"/>
							</conditions>
						</line>
						<line number="105" hits="0" branch="true" condition-coverage="0% (0/2)">
							<conditions>
								<condition number="0" type="jump" coverage="0%"/>
							</conditions>
						</line>
						<line number="106" hits="0" branch="false"/>
						<line number="108" hits="0" branch="false"/>
						<line number="109" hits="0" branch="false"/>
						<line number="111" hits="0" branch="false"/>
						<line number="113" hits="0" branch="false"/>
					</lines>
				</class>
				<class name="org.jvnet.hudson.test.rhino.JavaScriptDebugger" filename="org/jvnet/hudson/test/rhino/JavaScriptDebugger.java" line-rate="0.14285714285714285" branch-rate="0.0" complexity="1.2">
					<methods>
						<method name="&lt;init&gt;" signature="()V" line-rate="1.0" branch-rate="1.0">
							<lines>
								<line number="52" hits="669" branch="false"/>
								<line number="57" hits="669" branch="false"/>
							</lines>
						</method>
						<method name="addCallStackFrame" signature="(Lorg/jvnet/hudson/test/rhino/CallStackFrame;)V" line-rate="0.0" branch-rate="1.0">
							<lines>
								<line number="60" hits="0" branch="false"/>
								<line number="61" hits="0" branch="false"/>
							</lines>
						</method>
						<method name="getFrame" signature="(Lnet/sourceforge/htmlunit/corejs/javascript/Context;Lnet/sourceforge/htmlunit/corejs/javascript/debug/DebuggableScript;)Lnet/sourceforge/htmlunit/corejs/javascript/debug/DebugFrame;" line-rate="0.0" branch-rate="1.0">
							<lines>
								<line number="74" hits="0" branch="false"/>
							</lines>
						</method>
						<method name="handleCompilationDone" signature="(Lnet/sourceforge/htmlunit/corejs/javascript/Context;Lnet/sourceforge/htmlunit/corejs/javascript/debug/DebuggableScript;Ljava/lang/String;)V" line-rate="0.0" branch-rate="1.0">
							<lines>
								<line number="71" hits="0" branch="false"/>
							</lines>
						</method>
						<method name="removeCallStackFrame" signature="(Lorg/jvnet/hudson/test/rhino/CallStackFrame;)V" line-rate="0.0" branch-rate="1.0">
							<lines>
								<line number="67" hits="0" branch="false"/>
								<line number="68" hits="0" branch="false"/>
							</lines>
						</method>
						<method name="toString" signature="()Ljava/lang/String;" line-rate="0.0" branch-rate="0.0">
							<lines>
								<line number="81" hits="0" branch="false"/>
								<line number="82" hits="0" branch="false"/>
								<line number="83" hits="0" branch="true" condition-coverage="0% (0/2)">
									<conditions>
										<condition number="0" type="jump" coverage="0%"/>
									</conditions>
								</line>
								<line number="84" hits="0" branch="false"/>
								<line number="85" hits="0" branch="false"/>
								<line number="86" hits="0" branch="false"/>
							</lines>
						</method>
					</methods>
					<lines>
						<line number="52" hits="669" branch="false"/>
						<line number="57" hits="669" branch="false"/>
						<line number="60" hits="0" branch="false"/>
						<line number="61" hits="0" branch="false"/>
						<line number="67" hits="0" branch="false"/>
						<line number="68" hits="0" branch="false"/>
						<line number="71" hits="0" branch="false"/>
						<line number="74" hits="0" branch="false"/>
						<line number="81" hits="0" branch="false"/>
						<line number="82" hits="0" branch="false"/>
						<line number="83" hits="0" branch="true" condition-coverage="0% (0/2)">
							<conditions>
								<condition number="0" type="jump" coverage="0%"/>
							</conditions>
						</line>
						<line number="84" hits="0" branch="false"/>
						<line number="85" hits="0" branch="false"/>
						<line number="86" hits="0" branch="false"/>
					</lines>
				</class>
			</classes>
		</package>
	</packages>
</coverage>
